Using pre-set license
Built from '2021.3/china_unity/release' branch; Version is '2021.3.18f1c1 (93698379025b) revision 9660803'; Using compiler version '192829333'; Build Type 'Release'
OS: 'Windows 11  (10.0.22631) 64bit CoreCountrySpecific' Language: 'zh' Physical Memory: 16108 MB
BatchMode: 1, IsHumanControllingUs: 0, StartBugReporterOnCrash: 0, Is64bit: 1, IsPro: 1

COMMAND LINE ARGUMENTS:
C:\Program Files\Unity\Hub\Editor\2021.3.18f1c1\Editor\Unity.exe
-adb2
-batchMode
-noUpm
-name
AssetImportWorker8
-projectPath
E:/Group A3
-logFile
Logs/AssetImportWorker8.log
-srvPort
55276
Successfully changed project path to: E:/Group A3
E:/Group A3
[UnityMemory] Configuration Parameters - Can be set up in boot.config
    "memorysetup-bucket-allocator-granularity=16"
    "memorysetup-bucket-allocator-bucket-count=8"
    "memorysetup-bucket-allocator-block-size=33554432"
    "memorysetup-bucket-allocator-block-count=8"
    "memorysetup-main-allocator-block-size=16777216"
    "memorysetup-thread-allocator-block-size=16777216"
    "memorysetup-gfx-main-allocator-block-size=16777216"
    "memorysetup-gfx-thread-allocator-block-size=16777216"
    "memorysetup-cache-allocator-block-size=4194304"
    "memorysetup-typetree-allocator-block-size=2097152"
    "memorysetup-profiler-bucket-allocator-granularity=16"
    "memorysetup-profiler-bucket-allocator-bucket-count=8"
    "memorysetup-profiler-bucket-allocator-block-size=33554432"
    "memorysetup-profiler-bucket-allocator-block-count=8"
    "memorysetup-profiler-allocator-block-size=16777216"
    "memorysetup-profiler-editor-allocator-block-size=1048576"
    "memorysetup-temp-allocator-size-main=16777216"
    "memorysetup-job-temp-allocator-block-size=2097152"
    "memorysetup-job-temp-allocator-block-size-background=1048576"
    "memorysetup-job-temp-allocator-reduction-small-platforms=262144"
    "memorysetup-temp-allocator-size-background-worker=32768"
    "memorysetup-temp-allocator-size-job-worker=262144"
    "memorysetup-temp-allocator-size-preload-manager=33554432"
    "memorysetup-temp-allocator-size-nav-mesh-worker=65536"
    "memorysetup-temp-allocator-size-audio-worker=65536"
    "memorysetup-temp-allocator-size-cloud-worker=32768"
    "memorysetup-temp-allocator-size-gi-baking-worker=262144"
    "memorysetup-temp-allocator-size-gfx=262144"
Player connection [24732] Host "[IP] 192.168.5.22 [Port] 0 [Flags] 2 [Guid] 2027337503 [EditorId] 2027337503 [Version] 1048832 [Id] WindowsEditor(7,Van) [Debug] 1 [PackageName] WindowsEditor [ProjectName] Editor" joined multi-casting on [225.0.0.222:54997]...

Player connection [24732] Host "[IP] 192.168.5.22 [Port] 0 [Flags] 2 [Guid] 2027337503 [EditorId] 2027337503 [Version] 1048832 [Id] WindowsEditor(7,Van) [Debug] 1 [PackageName] WindowsEditor [ProjectName] Editor" joined alternative multi-casting on [225.0.0.222:34997]...

AS: AutoStreaming module initializing.
Refreshing native plugins compatible for Editor in 52.78 ms, found 3 plugins.
Preloading 0 native plugins for Editor in 0.00 ms.
Initialize engine version: 2021.3.18f1c1 (93698379025b)
[Subsystems] Discovering subsystems at path C:/Program Files/Unity/Hub/Editor/2021.3.18f1c1/Editor/Data/Resources/UnitySubsystems
[Subsystems] Discovering subsystems at path E:/Group A3/Assets
GfxDevice: creating device client; threaded=0; jobified=0
Direct3D:
    Version:  Direct3D 11.0 [level 11.1]
    Renderer: NVIDIA GeForce RTX 3070 Ti Laptop GPU (ID=0x24e0)
    Vendor:   NVIDIA
    VRAM:     8032 MB
    Driver:   31.0.15.4630
Initialize mono
Mono path[0] = 'C:/Program Files/Unity/Hub/Editor/2021.3.18f1c1/Editor/Data/Managed'
Mono path[1] = 'C:/Program Files/Unity/Hub/Editor/2021.3.18f1c1/Editor/Data/MonoBleedingEdge/lib/mono/unityjit-win32'
Mono config path = 'C:/Program Files/Unity/Hub/Editor/2021.3.18f1c1/Editor/Data/MonoBleedingEdge/etc'
Using monoOptions --debugger-agent=transport=dt_socket,embedding=1,server=y,suspend=n,address=127.0.0.1:56724
Begin MonoManager ReloadAssembly
Registering precompiled unity dll's ...
Register platform support module: C:/Program Files/Unity/Hub/Editor/2021.3.18f1c1/Editor/Data/PlaybackEngines/WebGLSupport/UnityEditor.WebGL.Extensions.dll
Register platform support module: C:/Program Files/Unity/Hub/Editor/2021.3.18f1c1/Editor/Data/PlaybackEngines/AndroidPlayer/UnityEditor.Android.Extensions.dll
Register platform support module: C:/Program Files/Unity/Hub/Editor/2021.3.18f1c1/Editor/Data/PlaybackEngines/iOSSupport/UnityEditor.iOS.Extensions.dll
Register platform support module: C:/Program Files/Unity/Hub/Editor/2021.3.18f1c1/Editor/Data/PlaybackEngines/WindowsStandaloneSupport/UnityEditor.WindowsStandalone.Extensions.dll
Register platform support module: C:/Program Files/Unity/Hub/Editor/2021.3.18f1c1/Editor/Data/PlaybackEngines/MetroSupport/UnityEditor.UWP.Extensions.dll
Registered in 0.035270 seconds.
Native extension for UWP target not found
Native extension for WindowsStandalone target not found
[usbmuxd] Start listen thread
[usbmuxd] Listen thread started
[usbmuxd] Send listen message
Native extension for iOS target not found
Native extension for Android target not found
Android Extension - Scanning For ADB Devices 304 ms
Native extension for WebGL target not found
Refreshing native plugins compatible for Editor in 54.90 ms, found 3 plugins.
Preloading 0 native plugins for Editor in 0.00 ms.
Mono: successfully reloaded assembly
- Completed reload, in  1.059 seconds
Domain Reload Profiling:
	ReloadAssembly (1059ms)
		BeginReloadAssembly (139ms)
			ExecutionOrderSort (0ms)
			DisableScriptedObjects (0ms)
			BackupInstance (0ms)
			ReleaseScriptingObjects (0ms)
			CreateAndSetChildDomain (1ms)
		EndReloadAssembly (745ms)
			LoadAssemblies (129ms)
			RebuildTransferFunctionScriptingTraits (1ms)
			SetupTypeCache (109ms)
			ReleaseScriptCaches (0ms)
			RebuildScriptCaches (20ms)
			SetupLoadedEditorAssemblies (544ms)
				LogAssemblyErrors (0ms)
				InitializePlatformSupportModulesInManaged (384ms)
				SetLoadedEditorAssemblies (0ms)
				RefreshPlugins (55ms)
				BeforeProcessingInitializeOnLoad (1ms)
				ProcessInitializeOnLoadAttributes (67ms)
				ProcessInitializeOnLoadMethodAttributes (36ms)
				AfterProcessingInitializeOnLoad (0ms)
				EditorAssembliesLoaded (0ms)
			ExecutionOrderSort2 (0ms)
			AwakeInstancesAfterBackupRestoration (0ms)
Platform modules already initialized, skipping
Registering precompiled user dll's ...
Registered in 0.017112 seconds.
Begin MonoManager ReloadAssembly
Symbol file LoadedFromMemory doesn't match image E:\Group A3\Library\PackageCache\com.unity.visualscripting@1.8.0\Editor\VisualScripting.Core\Dependencies\YamlDotNet\Unity.VisualScripting.YamlDotNet.dll
Symbol file LoadedFromMemory doesn't match image E:\Group A3\Library\PackageCache\com.unity.visualscripting@1.8.0\Editor\VisualScripting.Core\Dependencies\DotNetZip\Unity.VisualScripting.IonicZip.dll
Native extension for UWP target not found
Native extension for WindowsStandalone target not found
Native extension for iOS target not found
Native extension for Android target not found
Native extension for WebGL target not found
Refreshing native plugins compatible for Editor in 0.40 ms, found 3 plugins.
Preloading 0 native plugins for Editor in 0.00 ms.
Mono: successfully reloaded assembly
- Completed reload, in  1.021 seconds
Domain Reload Profiling:
	ReloadAssembly (1021ms)
		BeginReloadAssembly (155ms)
			ExecutionOrderSort (0ms)
			DisableScriptedObjects (5ms)
			BackupInstance (0ms)
			ReleaseScriptingObjects (0ms)
			CreateAndSetChildDomain (15ms)
		EndReloadAssembly (730ms)
			LoadAssemblies (143ms)
			RebuildTransferFunctionScriptingTraits (0ms)
			SetupTypeCache (214ms)
			ReleaseScriptCaches (0ms)
			RebuildScriptCaches (31ms)
			SetupLoadedEditorAssemblies (334ms)
				LogAssemblyErrors (0ms)
				InitializePlatformSupportModulesInManaged (46ms)
				SetLoadedEditorAssemblies (1ms)
				RefreshPlugins (0ms)
				BeforeProcessingInitializeOnLoad (88ms)
				ProcessInitializeOnLoadAttributes (146ms)
				ProcessInitializeOnLoadMethodAttributes (14ms)
				AfterProcessingInitializeOnLoad (38ms)
				EditorAssembliesLoaded (0ms)
			ExecutionOrderSort2 (0ms)
			AwakeInstancesAfterBackupRestoration (7ms)
Platform modules already initialized, skipping
========================================================================
Worker process is ready to serve import requests
Launched and connected shader compiler UnityShaderCompiler.exe after 0.04 seconds
Refreshing native plugins compatible for Editor in 0.39 ms, found 3 plugins.
Preloading 0 native plugins for Editor in 0.00 ms.
Unloading 3049 Unused Serialized files (Serialized files now loaded: 0)
Unloading 22 unused Assets / (56.1 KB). Loaded Objects now: 3514.
Memory consumption went from 117.0 MB to 116.9 MB.
Total: 2.530800 ms (FindLiveObjects: 0.168700 ms CreateObjectMapping: 0.077800 ms MarkObjects: 2.235800 ms  DeleteObjects: 0.047600 ms)

AssetImportParameters requested are different than current active one (requested -> active):
  custom:video-decoder-ogg-theora: a1e56fd34408186e4bbccfd4996cb3dc -> 
  custom:container-muxer-webm: aa71ff27fc2769a1b78a27578f13a17b -> 
  custom:container-demuxer-webm: 4f35f7cbe854078d1ac9338744f61a02 -> 
  custom:video-encoder-webm-vp8: eb34c28f22e8b96e1ab97ce403110664 -> 
  custom:video-codec-MediaFoundation-h265: 746d11721c4dcdbdad8f713fa42b33f4 -> 
  custom:audio-encoder-webm-vorbis: bf7c407c2cedff20999df2af8eb42d56 -> 
  custom:framework-win-MediaFoundation: 216162199b28c13a410421893ffa2e32 -> 
  custom:container-demuxer-ogg: 62fdf1f143b41e24485cea50d1cbac27 -> 
  custom:video-decoder-webm-vp8: 9c59270c3fd7afecdb556c50c9e8de78 -> 
  custom:audio-decoder-ogg-vorbis: bf7c407c2cedff20999df2af8eb42d56 -> 
========================================================================
Received Import Request.
  Time since last request: 28382.816975 seconds.
  path: Assets/UI pack/Button/Red outline gradient.png
  artifactKey: Guid(d856e7dd0e8555f4fb29db6352b3a822) Importer(815301076,1909f56bfc062723c751e8b465ee728b)
Start importing Assets/UI pack/Button/Red outline gradient.png using Guid(d856e7dd0e8555f4fb29db6352b3a822) Importer(815301076,1909f56bfc062723c751e8b465ee728b)  -> (artifact id: 'a06b30bdfddcc2afebb2d71ec971e7aa') in 0.099881 seconds 
========================================================================
Received Import Request.
  Time since last request: 0.772308 seconds.
  path: Assets/UI pack/Button/Orange gradient.png
  artifactKey: Guid(1258ac417dd158a48b05eeedb739c469) Importer(815301076,1909f56bfc062723c751e8b465ee728b)
Start importing Assets/UI pack/Button/Orange gradient.png using Guid(1258ac417dd158a48b05eeedb739c469) Importer(815301076,1909f56bfc062723c751e8b465ee728b)  -> (artifact id: '55d0f636bbd7513d28e6a99f5070e7c8') in 0.013293 seconds 
========================================================================
Received Import Request.
  Time since last request: 0.042959 seconds.
  path: Assets/UI pack/Icons/Healthbar.png
  artifactKey: Guid(1b289ca454f3cdf4ca785ab70305a4ad) Importer(815301076,1909f56bfc062723c751e8b465ee728b)
Start importing Assets/UI pack/Icons/Healthbar.png using Guid(1b289ca454f3cdf4ca785ab70305a4ad) Importer(815301076,1909f56bfc062723c751e8b465ee728b)  -> (artifact id: '82952e0549d486002c995801d85cf303') in 0.029849 seconds 
========================================================================
Received Import Request.
  Time since last request: 0.000019 seconds.
  path: Assets/UI pack/Icons/Heart.png
  artifactKey: Guid(54af60d343d3e3b458ad7e97dd60dd04) Importer(815301076,1909f56bfc062723c751e8b465ee728b)
Start importing Assets/UI pack/Icons/Heart.png using Guid(54af60d343d3e3b458ad7e97dd60dd04) Importer(815301076,1909f56bfc062723c751e8b465ee728b)  -> (artifact id: 'ed395e8a08e4c530c6aab6ea1417eca9') in 0.014688 seconds 
========================================================================
Received Import Request.
  Time since last request: 0.445576 seconds.
  path: Assets/UI pack/Button/Green gradient.png
  artifactKey: Guid(040be0e474e09894ca320b08d9462cc8) Importer(815301076,1909f56bfc062723c751e8b465ee728b)
Start importing Assets/UI pack/Button/Green gradient.png using Guid(040be0e474e09894ca320b08d9462cc8) Importer(815301076,1909f56bfc062723c751e8b465ee728b)  -> (artifact id: '08ed456ec9c8d68d38ebc96f0522adb4') in 0.017691 seconds 
========================================================================
Received Import Request.
  Time since last request: 0.041065 seconds.
  path: Assets/UI pack/Circles/Circle yellow.png
  artifactKey: Guid(dbbf60cd0fb781e43aaac34dd180e356) Importer(815301076,1909f56bfc062723c751e8b465ee728b)
Start importing Assets/UI pack/Circles/Circle yellow.png using Guid(dbbf60cd0fb781e43aaac34dd180e356) Importer(815301076,1909f56bfc062723c751e8b465ee728b)  -> (artifact id: 'c10c6fca8a14122ad7d371960e418942') in 0.019637 seconds 
========================================================================
Received Import Request.
  Time since last request: 0.000014 seconds.
  path: Assets/UI pack/Circles/Circle red full.png
  artifactKey: Guid(64f5428e485e0204db94d129eab4847f) Importer(815301076,1909f56bfc062723c751e8b465ee728b)
Start importing Assets/UI pack/Circles/Circle red full.png using Guid(64f5428e485e0204db94d129eab4847f) Importer(815301076,1909f56bfc062723c751e8b465ee728b)  -> (artifact id: '4cdd44e3277824ee3f60bce6c9e2c002') in 0.018112 seconds 
========================================================================
Received Import Request.
  Time since last request: 0.048647 seconds.
  path: Assets/UI pack/Circles/Circle blue full.png
  artifactKey: Guid(e019cd8c6a958a74bb226a0fd85030d6) Importer(815301076,1909f56bfc062723c751e8b465ee728b)
Start importing Assets/UI pack/Circles/Circle blue full.png using Guid(e019cd8c6a958a74bb226a0fd85030d6) Importer(815301076,1909f56bfc062723c751e8b465ee728b)  -> (artifact id: '89a5150fe2b37e54b648de6524195261') in 0.015370 seconds 
========================================================================
Received Import Request.
  Time since last request: 0.913366 seconds.
  path: Assets/UI pack/Icons/Bolt colored.png
  artifactKey: Guid(25887e1e767bc774e9a24997a9343056) Importer(815301076,1909f56bfc062723c751e8b465ee728b)
Start importing Assets/UI pack/Icons/Bolt colored.png using Guid(25887e1e767bc774e9a24997a9343056) Importer(815301076,1909f56bfc062723c751e8b465ee728b)  -> (artifact id: 'd82d8b0ea8f73bb1f1047b605b3db7e6') in 0.013598 seconds 
========================================================================
Received Import Request.
  Time since last request: 0.606758 seconds.
  path: Assets/UI pack/Button/Blue outline gradient.png
  artifactKey: Guid(7179ab86b28b8184e8b74e3a0b7fa821) Importer(815301076,1909f56bfc062723c751e8b465ee728b)
Start importing Assets/UI pack/Button/Blue outline gradient.png using Guid(7179ab86b28b8184e8b74e3a0b7fa821) Importer(815301076,1909f56bfc062723c751e8b465ee728b)  -> (artifact id: '75f1cbb13f8d595d203422a0c070e8d6') in 0.016270 seconds 
========================================================================
Received Import Request.
  Time since last request: 0.349464 seconds.
  path: Assets/UI pack/Button/Blue gradient.png
  artifactKey: Guid(60cfd84ae231a4943b3f0f6cf0dcf409) Importer(815301076,1909f56bfc062723c751e8b465ee728b)
Start importing Assets/UI pack/Button/Blue gradient.png using Guid(60cfd84ae231a4943b3f0f6cf0dcf409) Importer(815301076,1909f56bfc062723c751e8b465ee728b)  -> (artifact id: '9e48e3d986776cb16c393debe40b007c') in 0.014472 seconds 
========================================================================
Received Prepare
Registering precompiled user dll's ...
Registered in 0.018256 seconds.
Begin MonoManager ReloadAssembly
Symbol file LoadedFromMemory doesn't match image E:\Group A3\Library\PackageCache\com.unity.visualscripting@1.8.0\Editor\VisualScripting.Core\Dependencies\YamlDotNet\Unity.VisualScripting.YamlDotNet.dll
Symbol file LoadedFromMemory doesn't match image E:\Group A3\Library\PackageCache\com.unity.visualscripting@1.8.0\Editor\VisualScripting.Core\Dependencies\DotNetZip\Unity.VisualScripting.IonicZip.dll
Native extension for UWP target not found
Native extension for WindowsStandalone target not found
Native extension for iOS target not found
Native extension for Android target not found
Native extension for WebGL target not found
Refreshing native plugins compatible for Editor in 0.40 ms, found 3 plugins.
Preloading 0 native plugins for Editor in 0.00 ms.
Mono: successfully reloaded assembly
- Completed reload, in  0.971 seconds
Domain Reload Profiling:
	ReloadAssembly (971ms)
		BeginReloadAssembly (182ms)
			ExecutionOrderSort (0ms)
			DisableScriptedObjects (4ms)
			BackupInstance (0ms)
			ReleaseScriptingObjects (0ms)
			CreateAndSetChildDomain (26ms)
		EndReloadAssembly (665ms)
			LoadAssemblies (142ms)
			RebuildTransferFunctionScriptingTraits (0ms)
			SetupTypeCache (196ms)
			ReleaseScriptCaches (1ms)
			RebuildScriptCaches (24ms)
			SetupLoadedEditorAssemblies (297ms)
				LogAssemblyErrors (0ms)
				InitializePlatformSupportModulesInManaged (45ms)
				SetLoadedEditorAssemblies (0ms)
				RefreshPlugins (0ms)
				BeforeProcessingInitializeOnLoad (71ms)
				ProcessInitializeOnLoadAttributes (128ms)
				ProcessInitializeOnLoadMethodAttributes (12ms)
				AfterProcessingInitializeOnLoad (40ms)
				EditorAssembliesLoaded (0ms)
			ExecutionOrderSort2 (0ms)
			AwakeInstancesAfterBackupRestoration (8ms)
Platform modules already initialized, skipping
Refreshing native plugins compatible for Editor in 2.68 ms, found 3 plugins.
Preloading 0 native plugins for Editor in 0.00 ms.
Unloading 3089 Unused Serialized files (Serialized files now loaded: 0)
Unloading 28 unused Assets / (0.7 MB). Loaded Objects now: 3561.
Memory consumption went from 124.2 MB to 123.5 MB.
Total: 2.238300 ms (FindLiveObjects: 0.152800 ms CreateObjectMapping: 0.066100 ms MarkObjects: 1.805800 ms  DeleteObjects: 0.212600 ms)

AssetImportParameters requested are different than current active one (requested -> active):
  custom:video-decoder-ogg-theora: a1e56fd34408186e4bbccfd4996cb3dc -> 
  custom:container-muxer-webm: aa71ff27fc2769a1b78a27578f13a17b -> 
  custom:container-demuxer-webm: 4f35f7cbe854078d1ac9338744f61a02 -> 
  custom:video-encoder-webm-vp8: eb34c28f22e8b96e1ab97ce403110664 -> 
  custom:video-codec-MediaFoundation-h265: 746d11721c4dcdbdad8f713fa42b33f4 -> 
  custom:audio-encoder-webm-vorbis: bf7c407c2cedff20999df2af8eb42d56 -> 
  custom:framework-win-MediaFoundation: 216162199b28c13a410421893ffa2e32 -> 
  custom:container-demuxer-ogg: 62fdf1f143b41e24485cea50d1cbac27 -> 
  custom:video-decoder-webm-vp8: 9c59270c3fd7afecdb556c50c9e8de78 -> 
  custom:audio-decoder-ogg-vorbis: bf7c407c2cedff20999df2af8eb42d56 -> 
========================================================================
Received Import Request.
  Time since last request: 953.730430 seconds.
  path: Assets/AngeloMaN87/Prototype Map
  artifactKey: Guid(75867872c367b0341b7bbd266ae87ebe) Importer(815301076,1909f56bfc062723c751e8b465ee728b)
Start importing Assets/AngeloMaN87/Prototype Map using Guid(75867872c367b0341b7bbd266ae87ebe) Importer(815301076,1909f56bfc062723c751e8b465ee728b)  -> (artifact id: '5bb784ca547208e9afe894bb7b3dd888') in 0.007625 seconds 
========================================================================
Received Import Request.
  Time since last request: 2.720334 seconds.
  path: Assets/AngeloMaN87/Prototype Map/Models
  artifactKey: Guid(cb51899516a952b478dad9c835b34e3b) Importer(815301076,1909f56bfc062723c751e8b465ee728b)
Start importing Assets/AngeloMaN87/Prototype Map/Models using Guid(cb51899516a952b478dad9c835b34e3b) Importer(815301076,1909f56bfc062723c751e8b465ee728b)  -> (artifact id: '40ec72ecfd5bd8c91847e2bb40e5ad27') in 0.002260 seconds 
========================================================================
Received Import Request.
  Time since last request: 0.052657 seconds.
  path: Assets/AngeloMaN87/Prototype Map/Models/PrototypeMap.FBX
  artifactKey: Guid(be3ed9816d019ff4a85901f7a3aae376) Importer(815301076,1909f56bfc062723c751e8b465ee728b)
Start importing Assets/AngeloMaN87/Prototype Map/Models/PrototypeMap.FBX using Guid(be3ed9816d019ff4a85901f7a3aae376) Importer(815301076,1909f56bfc062723c751e8b465ee728b)  -> (artifact id: 'f9ddc3736f26532df20c880439b7c794') in 0.088970 seconds 
========================================================================
Received Import Request.
  Time since last request: 59.071848 seconds.
  path: Assets/AngeloMaN87/Prototype Map/Materials/PrototypeMap_Gridbox.mat
  artifactKey: Guid(f33991274cb50c047b101035d76c934e) Importer(815301076,1909f56bfc062723c751e8b465ee728b)
Start importing Assets/AngeloMaN87/Prototype Map/Materials/PrototypeMap_Gridbox.mat using Guid(f33991274cb50c047b101035d76c934e) Importer(815301076,1909f56bfc062723c751e8b465ee728b)  -> (artifact id: 'a36698251ac16a7def95611c6ac0d15f') in 0.030031 seconds 
========================================================================
Received Import Request.
  Time since last request: 1.665056 seconds.
  path: Assets/AngeloMaN87/Prototype Map/Prefabs/PrototypeMap.prefab
  artifactKey: Guid(fc5a676d2c90b3d4f8a22e369c35950d) Importer(815301076,1909f56bfc062723c751e8b465ee728b)
Start importing Assets/AngeloMaN87/Prototype Map/Prefabs/PrototypeMap.prefab using Guid(fc5a676d2c90b3d4f8a22e369c35950d) Importer(815301076,1909f56bfc062723c751e8b465ee728b)  -> (artifact id: '9243d90045f4787337dc9844ea2a9a1f') in 0.014241 seconds 
========================================================================
Received Import Request.
  Time since last request: 0.487403 seconds.
  path: Assets/AngeloMaN87/Prototype Map/Textures/PrototypeMap_Gridbox.png
  artifactKey: Guid(d843296f75721a74080cf1ae3afed9d8) Importer(815301076,1909f56bfc062723c751e8b465ee728b)
Start importing Assets/AngeloMaN87/Prototype Map/Textures/PrototypeMap_Gridbox.png using Guid(d843296f75721a74080cf1ae3afed9d8) Importer(815301076,1909f56bfc062723c751e8b465ee728b)  -> (artifact id: 'd33cca713d70c0a25c8f22803db329db') in 0.021889 seconds 
========================================================================
Received Import Request.
  Time since last request: 110.250204 seconds.
  path: Assets/Off Axis Studios/Polyworks/Meshes/Atlased/Prototype/Proto_Water_Static_Plane_01_Atlased.fbx
  artifactKey: Guid(52dbd90c295bb5e42b6bb0b0954a2a8d) Importer(815301076,1909f56bfc062723c751e8b465ee728b)
Start importing Assets/Off Axis Studios/Polyworks/Meshes/Atlased/Prototype/Proto_Water_Static_Plane_01_Atlased.fbx using Guid(52dbd90c295bb5e42b6bb0b0954a2a8d) Importer(815301076,1909f56bfc062723c751e8b465ee728b)  -> (artifact id: '1dd72f0b85917e49ec53d62cdeb9fc5d') in 0.029113 seconds 
========================================================================
Received Import Request.
  Time since last request: 0.000027 seconds.
  path: Assets/Off Axis Studios/Polyworks/Meshes/Atlased/Prototype/Proto_Wooden_Crate_01_Atlased.fbx
  artifactKey: Guid(b650f1a485e4dfa4bba67a828afba2c1) Importer(815301076,1909f56bfc062723c751e8b465ee728b)
Start importing Assets/Off Axis Studios/Polyworks/Meshes/Atlased/Prototype/Proto_Wooden_Crate_01_Atlased.fbx using Guid(b650f1a485e4dfa4bba67a828afba2c1) Importer(815301076,1909f56bfc062723c751e8b465ee728b)  -> (artifact id: '355474862b04a6ade00553516fb1fb05') in 0.016046 seconds 
========================================================================
Received Import Request.
  Time since last request: 61.371567 seconds.
  path: Assets/Cars/Materials
  artifactKey: Guid(2e2f7ab33221f8e41b8f37320cb80367) Importer(815301076,1909f56bfc062723c751e8b465ee728b)
Start importing Assets/Cars/Materials using Guid(2e2f7ab33221f8e41b8f37320cb80367) Importer(815301076,1909f56bfc062723c751e8b465ee728b)  -> (artifact id: 'b4c17861bfb761becde80df172831eff') in 0.001958 seconds 
========================================================================
Received Import Request.
  Time since last request: 360.082696 seconds.
  path: Assets/AngeloMaN87/Prototype Map/Materials/PrototypeMap_Gridbox 1.mat
  artifactKey: Guid(c57a9cf9ba5503349abeecf5587903eb) Importer(815301076,1909f56bfc062723c751e8b465ee728b)
Start importing Assets/AngeloMaN87/Prototype Map/Materials/PrototypeMap_Gridbox 1.mat using Guid(c57a9cf9ba5503349abeecf5587903eb) Importer(815301076,1909f56bfc062723c751e8b465ee728b)  -> (artifact id: 'a3536bca2c6c4c23fd0dbf4200626e17') in 0.020001 seconds 
========================================================================
Received Import Request.
  Time since last request: 148.835372 seconds.
  path: Assets/Off Axis Studios/Polyworks/Prefabs
  artifactKey: Guid(5720ee9dba34e1c48af8c08c0c11975b) Importer(815301076,1909f56bfc062723c751e8b465ee728b)
Start importing Assets/Off Axis Studios/Polyworks/Prefabs using Guid(5720ee9dba34e1c48af8c08c0c11975b) Importer(815301076,1909f56bfc062723c751e8b465ee728b)  -> (artifact id: 'a108f55ce3c0a29306d9efdc4f58b9d8') in 0.002437 seconds 
========================================================================
Received Import Request.
  Time since last request: 714.834435 seconds.
  path: Assets/Off Axis Studios/Polyworks/Prefabs/Atlased/New Folder
  artifactKey: Guid(f68ea746da43f8f4cbd54fd6aa9b3920) Importer(815301076,1909f56bfc062723c751e8b465ee728b)
Start importing Assets/Off Axis Studios/Polyworks/Prefabs/Atlased/New Folder using Guid(f68ea746da43f8f4cbd54fd6aa9b3920) Importer(815301076,1909f56bfc062723c751e8b465ee728b)  -> (artifact id: '2e471adbef92f0b58e4df0d06e9ba689') in 0.001834 seconds 
========================================================================
Received Import Request.
  Time since last request: 21.553261 seconds.
  path: Assets
  artifactKey: Guid(00000000000000001000000000000000) Importer(815301076,1909f56bfc062723c751e8b465ee728b)
Start importing Assets using Guid(00000000000000001000000000000000) Importer(815301076,1909f56bfc062723c751e8b465ee728b)  -> (artifact id: '79842766b460edbeab6a34051e857a80') in 0.011176 seconds 
========================================================================
Received Import Request.
  Time since last request: 29.748894 seconds.
  path: Assets/YFAN assets
  artifactKey: Guid(d534d545d91c4854094113faee86b0b0) Importer(815301076,1909f56bfc062723c751e8b465ee728b)
Start importing Assets/YFAN assets using Guid(d534d545d91c4854094113faee86b0b0) Importer(815301076,1909f56bfc062723c751e8b465ee728b)  -> (artifact id: 'c4c40306e6ac1eda868ce5253dcd5b1f') in 0.003039 seconds 
========================================================================
Received Import Request.
  Time since last request: 44.771711 seconds.
  path: Assets/YJIANG assets
  artifactKey: Guid(2a15234132d510e47948d7a524d5f02e) Importer(815301076,1909f56bfc062723c751e8b465ee728b)
Start importing Assets/YJIANG assets using Guid(2a15234132d510e47948d7a524d5f02e) Importer(815301076,1909f56bfc062723c751e8b465ee728b)  -> (artifact id: 'cfda1ae7d7667db2538b7fb593acf29d') in 0.003992 seconds 
========================================================================
Received Import Request.
  Time since last request: 32.095162 seconds.
  path: Assets/CMA assets
  artifactKey: Guid(b302ed0d111d8c34385926e81808768b) Importer(815301076,1909f56bfc062723c751e8b465ee728b)
Start importing Assets/CMA assets using Guid(b302ed0d111d8c34385926e81808768b) Importer(815301076,1909f56bfc062723c751e8b465ee728b)  -> (artifact id: 'bccaaea724456b301b6249c5ef3498fa') in 0.001635 seconds 
========================================================================
Received Import Request.
  Time since last request: 13.558900 seconds.
  path: Assets/script
  artifactKey: Guid(9c1c51d175180514abdff68783bb1f61) Importer(815301076,1909f56bfc062723c751e8b465ee728b)
Start importing Assets/script using Guid(9c1c51d175180514abdff68783bb1f61) Importer(815301076,1909f56bfc062723c751e8b465ee728b)  -> (artifact id: 'd59629557ae8f41e49426e9a3f5c6bc9') in 0.002994 seconds 
========================================================================
Received Import Request.
  Time since last request: 143.892348 seconds.
  path: Assets/SceneLoader.cs
  artifactKey: Guid(efd35bd0c61557c49a69d1c8b0043247) Importer(815301076,1909f56bfc062723c751e8b465ee728b)
Start importing Assets/SceneLoader.cs using Guid(efd35bd0c61557c49a69d1c8b0043247) Importer(815301076,1909f56bfc062723c751e8b465ee728b)  -> (artifact id: 'a7b1d0a334f6b8c7df703d790bdd122d') in 0.008966 seconds 
========================================================================
Received Prepare
Registering precompiled user dll's ...
Registered in 0.020234 seconds.
Begin MonoManager ReloadAssembly
Symbol file LoadedFromMemory doesn't match image E:\Group A3\Library\PackageCache\com.unity.visualscripting@1.8.0\Editor\VisualScripting.Core\Dependencies\YamlDotNet\Unity.VisualScripting.YamlDotNet.dll
Symbol file LoadedFromMemory doesn't match image E:\Group A3\Library\PackageCache\com.unity.visualscripting@1.8.0\Editor\VisualScripting.Core\Dependencies\DotNetZip\Unity.VisualScripting.IonicZip.dll
Native extension for UWP target not found
Native extension for WindowsStandalone target not found
Native extension for iOS target not found
Native extension for Android target not found
Native extension for WebGL target not found
Refreshing native plugins compatible for Editor in 0.45 ms, found 3 plugins.
Preloading 0 native plugins for Editor in 0.00 ms.
Mono: successfully reloaded assembly
- Completed reload, in  0.972 seconds
Domain Reload Profiling:
	ReloadAssembly (973ms)
		BeginReloadAssembly (193ms)
			ExecutionOrderSort (0ms)
			DisableScriptedObjects (3ms)
			BackupInstance (0ms)
			ReleaseScriptingObjects (0ms)
			CreateAndSetChildDomain (35ms)
		EndReloadAssembly (649ms)
			LoadAssemblies (147ms)
			RebuildTransferFunctionScriptingTraits (0ms)
			SetupTypeCache (186ms)
			ReleaseScriptCaches (1ms)
			RebuildScriptCaches (24ms)
			SetupLoadedEditorAssemblies (289ms)
				LogAssemblyErrors (0ms)
				InitializePlatformSupportModulesInManaged (45ms)
				SetLoadedEditorAssemblies (0ms)
				RefreshPlugins (1ms)
				BeforeProcessingInitializeOnLoad (70ms)
				ProcessInitializeOnLoadAttributes (126ms)
				ProcessInitializeOnLoadMethodAttributes (11ms)
				AfterProcessingInitializeOnLoad (35ms)
				EditorAssembliesLoaded (0ms)
			ExecutionOrderSort2 (0ms)
			AwakeInstancesAfterBackupRestoration (7ms)
Platform modules already initialized, skipping
Refreshing native plugins compatible for Editor in 2.40 ms, found 3 plugins.
Preloading 0 native plugins for Editor in 0.00 ms.
Unloading 3090 Unused Serialized files (Serialized files now loaded: 0)
Unloading 28 unused Assets / (0.7 MB). Loaded Objects now: 3606.
Memory consumption went from 124.7 MB to 124.0 MB.
Total: 2.520600 ms (FindLiveObjects: 0.178900 ms CreateObjectMapping: 0.146500 ms MarkObjects: 1.982200 ms  DeleteObjects: 0.212200 ms)

AssetImportParameters requested are different than current active one (requested -> active):
  custom:video-decoder-ogg-theora: a1e56fd34408186e4bbccfd4996cb3dc -> 
  custom:container-muxer-webm: aa71ff27fc2769a1b78a27578f13a17b -> 
  custom:container-demuxer-webm: 4f35f7cbe854078d1ac9338744f61a02 -> 
  custom:video-encoder-webm-vp8: eb34c28f22e8b96e1ab97ce403110664 -> 
  custom:video-codec-MediaFoundation-h265: 746d11721c4dcdbdad8f713fa42b33f4 -> 
  custom:audio-encoder-webm-vorbis: bf7c407c2cedff20999df2af8eb42d56 -> 
  custom:framework-win-MediaFoundation: 216162199b28c13a410421893ffa2e32 -> 
  custom:container-demuxer-ogg: 62fdf1f143b41e24485cea50d1cbac27 -> 
  custom:video-decoder-webm-vp8: 9c59270c3fd7afecdb556c50c9e8de78 -> 
  custom:audio-decoder-ogg-vorbis: bf7c407c2cedff20999df2af8eb42d56 -> 
========================================================================
Received Prepare
Registering precompiled user dll's ...
Registered in 0.019482 seconds.
Begin MonoManager ReloadAssembly
Symbol file LoadedFromMemory doesn't match image E:\Group A3\Library\PackageCache\com.unity.visualscripting@1.8.0\Editor\VisualScripting.Core\Dependencies\YamlDotNet\Unity.VisualScripting.YamlDotNet.dll
Symbol file LoadedFromMemory doesn't match image E:\Group A3\Library\PackageCache\com.unity.visualscripting@1.8.0\Editor\VisualScripting.Core\Dependencies\DotNetZip\Unity.VisualScripting.IonicZip.dll
Native extension for UWP target not found
Native extension for WindowsStandalone target not found
Native extension for iOS target not found
Native extension for Android target not found
Native extension for WebGL target not found
Refreshing native plugins compatible for Editor in 0.39 ms, found 3 plugins.
Preloading 0 native plugins for Editor in 0.00 ms.
Mono: successfully reloaded assembly
- Completed reload, in  0.919 seconds
Domain Reload Profiling:
	ReloadAssembly (920ms)
		BeginReloadAssembly (189ms)
			ExecutionOrderSort (0ms)
			DisableScriptedObjects (4ms)
			BackupInstance (0ms)
			ReleaseScriptingObjects (0ms)
			CreateAndSetChildDomain (28ms)
		EndReloadAssembly (604ms)
			LoadAssemblies (147ms)
			RebuildTransferFunctionScriptingTraits (0ms)
			SetupTypeCache (165ms)
			ReleaseScriptCaches (1ms)
			RebuildScriptCaches (23ms)
			SetupLoadedEditorAssemblies (269ms)
				LogAssemblyErrors (0ms)
				InitializePlatformSupportModulesInManaged (43ms)
				SetLoadedEditorAssemblies (0ms)
				RefreshPlugins (0ms)
				BeforeProcessingInitializeOnLoad (68ms)
				ProcessInitializeOnLoadAttributes (112ms)
				ProcessInitializeOnLoadMethodAttributes (11ms)
				AfterProcessingInitializeOnLoad (35ms)
				EditorAssembliesLoaded (0ms)
			ExecutionOrderSort2 (0ms)
			AwakeInstancesAfterBackupRestoration (7ms)
Platform modules already initialized, skipping
Refreshing native plugins compatible for Editor in 3.04 ms, found 3 plugins.
Preloading 0 native plugins for Editor in 0.00 ms.
Unloading 3090 Unused Serialized files (Serialized files now loaded: 0)
Unloading 28 unused Assets / (0.7 MB). Loaded Objects now: 3609.
Memory consumption went from 124.7 MB to 124.0 MB.
Total: 2.260400 ms (FindLiveObjects: 0.151100 ms CreateObjectMapping: 0.068700 ms MarkObjects: 1.801600 ms  DeleteObjects: 0.238200 ms)

AssetImportParameters requested are different than current active one (requested -> active):
  custom:video-decoder-ogg-theora: a1e56fd34408186e4bbccfd4996cb3dc -> 
  custom:container-muxer-webm: aa71ff27fc2769a1b78a27578f13a17b -> 
  custom:container-demuxer-webm: 4f35f7cbe854078d1ac9338744f61a02 -> 
  custom:video-encoder-webm-vp8: eb34c28f22e8b96e1ab97ce403110664 -> 
  custom:video-codec-MediaFoundation-h265: 746d11721c4dcdbdad8f713fa42b33f4 -> 
  custom:audio-encoder-webm-vorbis: bf7c407c2cedff20999df2af8eb42d56 -> 
  custom:framework-win-MediaFoundation: 216162199b28c13a410421893ffa2e32 -> 
  custom:container-demuxer-ogg: 62fdf1f143b41e24485cea50d1cbac27 -> 
  custom:video-decoder-webm-vp8: 9c59270c3fd7afecdb556c50c9e8de78 -> 
  custom:audio-decoder-ogg-vorbis: bf7c407c2cedff20999df2af8eb42d56 -> 
========================================================================
Received Prepare
Registering precompiled user dll's ...
Registered in 0.013972 seconds.
Begin MonoManager ReloadAssembly
Symbol file LoadedFromMemory doesn't match image E:\Group A3\Library\PackageCache\com.unity.visualscripting@1.8.0\Editor\VisualScripting.Core\Dependencies\YamlDotNet\Unity.VisualScripting.YamlDotNet.dll
Symbol file LoadedFromMemory doesn't match image E:\Group A3\Library\PackageCache\com.unity.visualscripting@1.8.0\Editor\VisualScripting.Core\Dependencies\DotNetZip\Unity.VisualScripting.IonicZip.dll
Native extension for UWP target not found
Native extension for WindowsStandalone target not found
Native extension for iOS target not found
Native extension for Android target not found
Native extension for WebGL target not found
Refreshing native plugins compatible for Editor in 0.40 ms, found 3 plugins.
Preloading 0 native plugins for Editor in 0.00 ms.
Mono: successfully reloaded assembly
- Completed reload, in  0.920 seconds
Domain Reload Profiling:
	ReloadAssembly (921ms)
		BeginReloadAssembly (190ms)
			ExecutionOrderSort (0ms)
			DisableScriptedObjects (4ms)
			BackupInstance (0ms)
			ReleaseScriptingObjects (0ms)
			CreateAndSetChildDomain (30ms)
		EndReloadAssembly (603ms)
			LoadAssemblies (144ms)
			RebuildTransferFunctionScriptingTraits (0ms)
			SetupTypeCache (166ms)
			ReleaseScriptCaches (1ms)
			RebuildScriptCaches (24ms)
			SetupLoadedEditorAssemblies (272ms)
				LogAssemblyErrors (0ms)
				InitializePlatformSupportModulesInManaged (40ms)
				SetLoadedEditorAssemblies (0ms)
				RefreshPlugins (0ms)
				BeforeProcessingInitializeOnLoad (70ms)
				ProcessInitializeOnLoadAttributes (112ms)
				ProcessInitializeOnLoadMethodAttributes (12ms)
				AfterProcessingInitializeOnLoad (37ms)
				EditorAssembliesLoaded (0ms)
			ExecutionOrderSort2 (0ms)
			AwakeInstancesAfterBackupRestoration (7ms)
Platform modules already initialized, skipping
Refreshing native plugins compatible for Editor in 2.93 ms, found 3 plugins.
Preloading 0 native plugins for Editor in 0.00 ms.
Unloading 3090 Unused Serialized files (Serialized files now loaded: 0)
Unloading 28 unused Assets / (0.7 MB). Loaded Objects now: 3612.
Memory consumption went from 124.7 MB to 124.0 MB.
Total: 2.192200 ms (FindLiveObjects: 0.164600 ms CreateObjectMapping: 0.071500 ms MarkObjects: 1.727700 ms  DeleteObjects: 0.227100 ms)

AssetImportParameters requested are different than current active one (requested -> active):
  custom:video-decoder-ogg-theora: a1e56fd34408186e4bbccfd4996cb3dc -> 
  custom:container-muxer-webm: aa71ff27fc2769a1b78a27578f13a17b -> 
  custom:container-demuxer-webm: 4f35f7cbe854078d1ac9338744f61a02 -> 
  custom:video-encoder-webm-vp8: eb34c28f22e8b96e1ab97ce403110664 -> 
  custom:video-codec-MediaFoundation-h265: 746d11721c4dcdbdad8f713fa42b33f4 -> 
  custom:audio-encoder-webm-vorbis: bf7c407c2cedff20999df2af8eb42d56 -> 
  custom:framework-win-MediaFoundation: 216162199b28c13a410421893ffa2e32 -> 
  custom:container-demuxer-ogg: 62fdf1f143b41e24485cea50d1cbac27 -> 
  custom:video-decoder-webm-vp8: 9c59270c3fd7afecdb556c50c9e8de78 -> 
  custom:audio-decoder-ogg-vorbis: bf7c407c2cedff20999df2af8eb42d56 -> 
========================================================================
Received Import Request.
  Time since last request: 3645.752037 seconds.
  path: Assets/Scenes/Mainscene.unity
  artifactKey: Guid(9fc0d4010bbf28b4594072e72b8655ab) Importer(815301076,1909f56bfc062723c751e8b465ee728b)
Start importing Assets/Scenes/Mainscene.unity using Guid(9fc0d4010bbf28b4594072e72b8655ab) Importer(815301076,1909f56bfc062723c751e8b465ee728b)  -> (artifact id: 'bc0b92b65076972124906156e80ab497') in 0.005470 seconds 
========================================================================
Received Prepare
Registering precompiled user dll's ...
Registered in 0.014796 seconds.
Begin MonoManager ReloadAssembly
Symbol file LoadedFromMemory doesn't match image E:\Group A3\Library\PackageCache\com.unity.visualscripting@1.8.0\Editor\VisualScripting.Core\Dependencies\YamlDotNet\Unity.VisualScripting.YamlDotNet.dll
Symbol file LoadedFromMemory doesn't match image E:\Group A3\Library\PackageCache\com.unity.visualscripting@1.8.0\Editor\VisualScripting.Core\Dependencies\DotNetZip\Unity.VisualScripting.IonicZip.dll
Native extension for UWP target not found
Native extension for WindowsStandalone target not found
Native extension for iOS target not found
Native extension for Android target not found
Native extension for WebGL target not found
Refreshing native plugins compatible for Editor in 0.47 ms, found 3 plugins.
Preloading 0 native plugins for Editor in 0.00 ms.
Mono: successfully reloaded assembly
- Completed reload, in  0.940 seconds
Domain Reload Profiling:
	ReloadAssembly (941ms)
		BeginReloadAssembly (182ms)
			ExecutionOrderSort (0ms)
			DisableScriptedObjects (4ms)
			BackupInstance (0ms)
			ReleaseScriptingObjects (0ms)
			CreateAndSetChildDomain (27ms)
		EndReloadAssembly (636ms)
			LoadAssemblies (143ms)
			RebuildTransferFunctionScriptingTraits (0ms)
			SetupTypeCache (168ms)
			ReleaseScriptCaches (1ms)
			RebuildScriptCaches (24ms)
			SetupLoadedEditorAssemblies (299ms)
				LogAssemblyErrors (0ms)
				InitializePlatformSupportModulesInManaged (45ms)
				SetLoadedEditorAssemblies (0ms)
				RefreshPlugins (1ms)
				BeforeProcessingInitializeOnLoad (81ms)
				ProcessInitializeOnLoadAttributes (126ms)
				ProcessInitializeOnLoadMethodAttributes (11ms)
				AfterProcessingInitializeOnLoad (35ms)
				EditorAssembliesLoaded (0ms)
			ExecutionOrderSort2 (0ms)
			AwakeInstancesAfterBackupRestoration (7ms)
Platform modules already initialized, skipping
Refreshing native plugins compatible for Editor in 2.68 ms, found 3 plugins.
Preloading 0 native plugins for Editor in 0.00 ms.
Unloading 3090 Unused Serialized files (Serialized files now loaded: 0)
Unloading 28 unused Assets / (0.7 MB). Loaded Objects now: 3615.
Memory consumption went from 124.7 MB to 124.0 MB.
Total: 2.323700 ms (FindLiveObjects: 0.159500 ms CreateObjectMapping: 0.071100 ms MarkObjects: 1.847500 ms  DeleteObjects: 0.244900 ms)

AssetImportParameters requested are different than current active one (requested -> active):
  custom:video-decoder-ogg-theora: a1e56fd34408186e4bbccfd4996cb3dc -> 
  custom:container-muxer-webm: aa71ff27fc2769a1b78a27578f13a17b -> 
  custom:container-demuxer-webm: 4f35f7cbe854078d1ac9338744f61a02 -> 
  custom:video-encoder-webm-vp8: eb34c28f22e8b96e1ab97ce403110664 -> 
  custom:video-codec-MediaFoundation-h265: 746d11721c4dcdbdad8f713fa42b33f4 -> 
  custom:audio-encoder-webm-vorbis: bf7c407c2cedff20999df2af8eb42d56 -> 
  custom:framework-win-MediaFoundation: 216162199b28c13a410421893ffa2e32 -> 
  custom:container-demuxer-ogg: 62fdf1f143b41e24485cea50d1cbac27 -> 
  custom:video-decoder-webm-vp8: 9c59270c3fd7afecdb556c50c9e8de78 -> 
  custom:audio-decoder-ogg-vorbis: bf7c407c2cedff20999df2af8eb42d56 -> 
========================================================================
Received Import Request.
  Time since last request: 61.407924 seconds.
  path: Assets/Cars/Materials/CarColors/1.mat
  artifactKey: Guid(8897303b3ce6776498efa336ca598b2b) Importer(815301076,1909f56bfc062723c751e8b465ee728b)
Start importing Assets/Cars/Materials/CarColors/1.mat using Guid(8897303b3ce6776498efa336ca598b2b) Importer(815301076,1909f56bfc062723c751e8b465ee728b)  -> (artifact id: 'dd193e98ff184879c10d622553800e67') in 0.069858 seconds 
========================================================================
Received Import Request.
  Time since last request: 0.000022 seconds.
  path: Assets/Cars/Materials/CarColors/5.mat
  artifactKey: Guid(a1c520de4c423184ea14db3f116332e5) Importer(815301076,1909f56bfc062723c751e8b465ee728b)
Start importing Assets/Cars/Materials/CarColors/5.mat using Guid(a1c520de4c423184ea14db3f116332e5) Importer(815301076,1909f56bfc062723c751e8b465ee728b)  -> (artifact id: 'e0b230f6ab24309ebc5aa46d94ccebcc') in 0.010044 seconds 
========================================================================
Received Import Request.
  Time since last request: 0.000018 seconds.
  path: Assets/Cars/Materials/CarColors/4.mat
  artifactKey: Guid(0db1c99c63070a146957754884bc53fc) Importer(815301076,1909f56bfc062723c751e8b465ee728b)
Start importing Assets/Cars/Materials/CarColors/4.mat using Guid(0db1c99c63070a146957754884bc53fc) Importer(815301076,1909f56bfc062723c751e8b465ee728b)  -> (artifact id: 'c9ac84741464891df07e75f8634587d9') in 0.009669 seconds 
========================================================================
Received Prepare
Registering precompiled user dll's ...
Registered in 0.013874 seconds.
Begin MonoManager ReloadAssembly
Symbol file LoadedFromMemory doesn't match image E:\Group A3\Library\PackageCache\com.unity.visualscripting@1.8.0\Editor\VisualScripting.Core\Dependencies\YamlDotNet\Unity.VisualScripting.YamlDotNet.dll
Symbol file LoadedFromMemory doesn't match image E:\Group A3\Library\PackageCache\com.unity.visualscripting@1.8.0\Editor\VisualScripting.Core\Dependencies\DotNetZip\Unity.VisualScripting.IonicZip.dll
Native extension for UWP target not found
Native extension for WindowsStandalone target not found
Native extension for iOS target not found
Native extension for Android target not found
Native extension for WebGL target not found
Refreshing native plugins compatible for Editor in 0.43 ms, found 3 plugins.
Preloading 0 native plugins for Editor in 0.00 ms.
Mono: successfully reloaded assembly
- Completed reload, in  0.988 seconds
Domain Reload Profiling:
	ReloadAssembly (988ms)
		BeginReloadAssembly (183ms)
			ExecutionOrderSort (0ms)
			DisableScriptedObjects (3ms)
			BackupInstance (0ms)
			ReleaseScriptingObjects (0ms)
			CreateAndSetChildDomain (29ms)
		EndReloadAssembly (674ms)
			LoadAssemblies (147ms)
			RebuildTransferFunctionScriptingTraits (0ms)
			SetupTypeCache (193ms)
			ReleaseScriptCaches (1ms)
			RebuildScriptCaches (29ms)
			SetupLoadedEditorAssemblies (296ms)
				LogAssemblyErrors (0ms)
				InitializePlatformSupportModulesInManaged (48ms)
				SetLoadedEditorAssemblies (0ms)
				RefreshPlugins (1ms)
				BeforeProcessingInitializeOnLoad (68ms)
				ProcessInitializeOnLoadAttributes (135ms)
				ProcessInitializeOnLoadMethodAttributes (13ms)
				AfterProcessingInitializeOnLoad (31ms)
				EditorAssembliesLoaded (0ms)
			ExecutionOrderSort2 (0ms)
			AwakeInstancesAfterBackupRestoration (7ms)
Platform modules already initialized, skipping
Refreshing native plugins compatible for Editor in 2.85 ms, found 3 plugins.
Preloading 0 native plugins for Editor in 0.00 ms.
Unloading 3090 Unused Serialized files (Serialized files now loaded: 0)
Unloading 28 unused Assets / (0.7 MB). Loaded Objects now: 3618.
Memory consumption went from 124.7 MB to 124.0 MB.
Total: 2.294100 ms (FindLiveObjects: 0.171700 ms CreateObjectMapping: 0.069400 ms MarkObjects: 1.802200 ms  DeleteObjects: 0.249900 ms)

AssetImportParameters requested are different than current active one (requested -> active):
  custom:video-decoder-ogg-theora: a1e56fd34408186e4bbccfd4996cb3dc -> 
  custom:container-muxer-webm: aa71ff27fc2769a1b78a27578f13a17b -> 
  custom:container-demuxer-webm: 4f35f7cbe854078d1ac9338744f61a02 -> 
  custom:video-encoder-webm-vp8: eb34c28f22e8b96e1ab97ce403110664 -> 
  custom:video-codec-MediaFoundation-h265: 746d11721c4dcdbdad8f713fa42b33f4 -> 
  custom:audio-encoder-webm-vorbis: bf7c407c2cedff20999df2af8eb42d56 -> 
  custom:framework-win-MediaFoundation: 216162199b28c13a410421893ffa2e32 -> 
  custom:container-demuxer-ogg: 62fdf1f143b41e24485cea50d1cbac27 -> 
  custom:video-decoder-webm-vp8: 9c59270c3fd7afecdb556c50c9e8de78 -> 
  custom:audio-decoder-ogg-vorbis: bf7c407c2cedff20999df2af8eb42d56 -> 
========================================================================
Received Prepare
Registering precompiled user dll's ...
Registered in 0.015675 seconds.
Begin MonoManager ReloadAssembly
Symbol file LoadedFromMemory doesn't match image E:\Group A3\Library\PackageCache\com.unity.visualscripting@1.8.0\Editor\VisualScripting.Core\Dependencies\YamlDotNet\Unity.VisualScripting.YamlDotNet.dll
Symbol file LoadedFromMemory doesn't match image E:\Group A3\Library\PackageCache\com.unity.visualscripting@1.8.0\Editor\VisualScripting.Core\Dependencies\DotNetZip\Unity.VisualScripting.IonicZip.dll
Native extension for UWP target not found
Native extension for WindowsStandalone target not found
Native extension for iOS target not found
Native extension for Android target not found
Native extension for WebGL target not found
Refreshing native plugins compatible for Editor in 0.42 ms, found 3 plugins.
Preloading 0 native plugins for Editor in 0.00 ms.
Mono: successfully reloaded assembly
- Completed reload, in  1.022 seconds
Domain Reload Profiling:
	ReloadAssembly (1023ms)
		BeginReloadAssembly (185ms)
			ExecutionOrderSort (0ms)
			DisableScriptedObjects (4ms)
			BackupInstance (0ms)
			ReleaseScriptingObjects (0ms)
			CreateAndSetChildDomain (29ms)
		EndReloadAssembly (705ms)
			LoadAssemblies (146ms)
			RebuildTransferFunctionScriptingTraits (0ms)
			SetupTypeCache (200ms)
			ReleaseScriptCaches (1ms)
			RebuildScriptCaches (29ms)
			SetupLoadedEditorAssemblies (316ms)
				LogAssemblyErrors (0ms)
				InitializePlatformSupportModulesInManaged (51ms)
				SetLoadedEditorAssemblies (0ms)
				RefreshPlugins (0ms)
				BeforeProcessingInitializeOnLoad (79ms)
				ProcessInitializeOnLoadAttributes (129ms)
				ProcessInitializeOnLoadMethodAttributes (14ms)
				AfterProcessingInitializeOnLoad (41ms)
				EditorAssembliesLoaded (0ms)
			ExecutionOrderSort2 (0ms)
			AwakeInstancesAfterBackupRestoration (7ms)
Platform modules already initialized, skipping
Refreshing native plugins compatible for Editor in 3.15 ms, found 3 plugins.
Preloading 0 native plugins for Editor in 0.00 ms.
Unloading 3090 Unused Serialized files (Serialized files now loaded: 0)
Unloading 28 unused Assets / (0.7 MB). Loaded Objects now: 3621.
Memory consumption went from 124.7 MB to 124.0 MB.
Total: 2.591100 ms (FindLiveObjects: 0.192600 ms CreateObjectMapping: 0.218100 ms MarkObjects: 1.938500 ms  DeleteObjects: 0.240700 ms)

AssetImportParameters requested are different than current active one (requested -> active):
  custom:video-decoder-ogg-theora: a1e56fd34408186e4bbccfd4996cb3dc -> 
  custom:container-muxer-webm: aa71ff27fc2769a1b78a27578f13a17b -> 
  custom:container-demuxer-webm: 4f35f7cbe854078d1ac9338744f61a02 -> 
  custom:video-encoder-webm-vp8: eb34c28f22e8b96e1ab97ce403110664 -> 
  custom:video-codec-MediaFoundation-h265: 746d11721c4dcdbdad8f713fa42b33f4 -> 
  custom:audio-encoder-webm-vorbis: bf7c407c2cedff20999df2af8eb42d56 -> 
  custom:framework-win-MediaFoundation: 216162199b28c13a410421893ffa2e32 -> 
  custom:container-demuxer-ogg: 62fdf1f143b41e24485cea50d1cbac27 -> 
  custom:video-decoder-webm-vp8: 9c59270c3fd7afecdb556c50c9e8de78 -> 
  custom:audio-decoder-ogg-vorbis: bf7c407c2cedff20999df2af8eb42d56 -> 
========================================================================
Received Prepare
Registering precompiled user dll's ...
Registered in 0.018082 seconds.
Begin MonoManager ReloadAssembly
Symbol file LoadedFromMemory doesn't match image E:\Group A3\Library\PackageCache\com.unity.visualscripting@1.8.0\Editor\VisualScripting.Core\Dependencies\YamlDotNet\Unity.VisualScripting.YamlDotNet.dll
Symbol file LoadedFromMemory doesn't match image E:\Group A3\Library\PackageCache\com.unity.visualscripting@1.8.0\Editor\VisualScripting.Core\Dependencies\DotNetZip\Unity.VisualScripting.IonicZip.dll
Native extension for UWP target not found
Native extension for WindowsStandalone target not found
Native extension for iOS target not found
Native extension for Android target not found
Native extension for WebGL target not found
Refreshing native plugins compatible for Editor in 0.45 ms, found 3 plugins.
Preloading 0 native plugins for Editor in 0.00 ms.
Mono: successfully reloaded assembly
- Completed reload, in  1.017 seconds
Domain Reload Profiling:
	ReloadAssembly (1018ms)
		BeginReloadAssembly (182ms)
			ExecutionOrderSort (0ms)
			DisableScriptedObjects (5ms)
			BackupInstance (0ms)
			ReleaseScriptingObjects (0ms)
			CreateAndSetChildDomain (27ms)
		EndReloadAssembly (705ms)
			LoadAssemblies (146ms)
			RebuildTransferFunctionScriptingTraits (0ms)
			SetupTypeCache (201ms)
			ReleaseScriptCaches (1ms)
			RebuildScriptCaches (28ms)
			SetupLoadedEditorAssemblies (314ms)
				LogAssemblyErrors (0ms)
				InitializePlatformSupportModulesInManaged (50ms)
				SetLoadedEditorAssemblies (0ms)
				RefreshPlugins (1ms)
				BeforeProcessingInitializeOnLoad (77ms)
				ProcessInitializeOnLoadAttributes (133ms)
				ProcessInitializeOnLoadMethodAttributes (13ms)
				AfterProcessingInitializeOnLoad (40ms)
				EditorAssembliesLoaded (0ms)
			ExecutionOrderSort2 (0ms)
			AwakeInstancesAfterBackupRestoration (8ms)
Platform modules already initialized, skipping
Refreshing native plugins compatible for Editor in 2.74 ms, found 3 plugins.
Preloading 0 native plugins for Editor in 0.00 ms.
Unloading 3090 Unused Serialized files (Serialized files now loaded: 0)
Unloading 28 unused Assets / (0.7 MB). Loaded Objects now: 3624.
Memory consumption went from 124.7 MB to 124.0 MB.
Total: 2.417600 ms (FindLiveObjects: 0.191000 ms CreateObjectMapping: 0.062500 ms MarkObjects: 1.933000 ms  DeleteObjects: 0.229900 ms)

AssetImportParameters requested are different than current active one (requested -> active):
  custom:video-decoder-ogg-theora: a1e56fd34408186e4bbccfd4996cb3dc -> 
  custom:container-muxer-webm: aa71ff27fc2769a1b78a27578f13a17b -> 
  custom:container-demuxer-webm: 4f35f7cbe854078d1ac9338744f61a02 -> 
  custom:video-encoder-webm-vp8: eb34c28f22e8b96e1ab97ce403110664 -> 
  custom:video-codec-MediaFoundation-h265: 746d11721c4dcdbdad8f713fa42b33f4 -> 
  custom:audio-encoder-webm-vorbis: bf7c407c2cedff20999df2af8eb42d56 -> 
  custom:framework-win-MediaFoundation: 216162199b28c13a410421893ffa2e32 -> 
  custom:container-demuxer-ogg: 62fdf1f143b41e24485cea50d1cbac27 -> 
  custom:video-decoder-webm-vp8: 9c59270c3fd7afecdb556c50c9e8de78 -> 
  custom:audio-decoder-ogg-vorbis: bf7c407c2cedff20999df2af8eb42d56 -> 
========================================================================
Received Import Request.
  Time since last request: 1357.925552 seconds.
  path: Assets/TextMesh Pro/Resources
  artifactKey: Guid(243e06394e614e5d99fab26083b707fa) Importer(815301076,1909f56bfc062723c751e8b465ee728b)
Start importing Assets/TextMesh Pro/Resources using Guid(243e06394e614e5d99fab26083b707fa) Importer(815301076,1909f56bfc062723c751e8b465ee728b)  -> (artifact id: '73107d1020a62e3def86c468d2a05456') in 0.009652 seconds 
========================================================================
Received Import Request.
  Time since last request: 0.048232 seconds.
  path: Assets/TextMesh Pro/Resources/TMP Settings.asset
  artifactKey: Guid(3f5b5dff67a942289a9defa416b206f3) Importer(815301076,1909f56bfc062723c751e8b465ee728b)
Start importing Assets/TextMesh Pro/Resources/TMP Settings.asset using Guid(3f5b5dff67a942289a9defa416b206f3) Importer(815301076,1909f56bfc062723c751e8b465ee728b)  -> (artifact id: '7d39d3b365ae06f4a5d582e5614ba55e') in 0.040224 seconds 
========================================================================
Received Import Request.
  Time since last request: 1.068052 seconds.
  path: Assets/TextMesh Pro/Resources/Fonts & Materials
  artifactKey: Guid(731f1baa9d144a9897cb1d341c2092b8) Importer(815301076,1909f56bfc062723c751e8b465ee728b)
Start importing Assets/TextMesh Pro/Resources/Fonts & Materials using Guid(731f1baa9d144a9897cb1d341c2092b8) Importer(815301076,1909f56bfc062723c751e8b465ee728b)  -> (artifact id: 'a8a5343dd66316b9eb35bafbffda078a') in 0.001872 seconds 
========================================================================
Received Import Request.
  Time since last request: 0.048603 seconds.
  path: Assets/TextMesh Pro/Resources/Fonts & Materials/LiberationSans SDF - Drop Shadow.mat
  artifactKey: Guid(e73a58f6e2794ae7b1b7e50b7fb811b0) Importer(815301076,1909f56bfc062723c751e8b465ee728b)
Start importing Assets/TextMesh Pro/Resources/Fonts & Materials/LiberationSans SDF - Drop Shadow.mat using Guid(e73a58f6e2794ae7b1b7e50b7fb811b0) Importer(815301076,1909f56bfc062723c751e8b465ee728b)  -> (artifact id: '07c88ccd3fc0c7f436e9f29a0c958950') in 0.089028 seconds 
========================================================================
Received Import Request.
  Time since last request: 0.000015 seconds.
  path: Assets/TextMesh Pro/Resources/Fonts & Materials/LiberationSans SDF - Outline.mat
  artifactKey: Guid(79459efec17a4d00a321bdcc27bbc385) Importer(815301076,1909f56bfc062723c751e8b465ee728b)
Start importing Assets/TextMesh Pro/Resources/Fonts & Materials/LiberationSans SDF - Outline.mat using Guid(79459efec17a4d00a321bdcc27bbc385) Importer(815301076,1909f56bfc062723c751e8b465ee728b)  -> (artifact id: 'cb6b02fb6cea68b4891fafdcd07abcb5') in 0.061503 seconds 
========================================================================
Received Import Request.
  Time since last request: 18.204673 seconds.
  path: Assets/Off Axis Studios/Polyworks/Prefabs/MaterialsOnly/Prototype/Blocks - Blue/Proto_Block_Column_Square_01.prefab
  artifactKey: Guid(bb86032d6423b5c4bbc8b0d98307e39d) Importer(815301076,1909f56bfc062723c751e8b465ee728b)
Start importing Assets/Off Axis Studios/Polyworks/Prefabs/MaterialsOnly/Prototype/Blocks - Blue/Proto_Block_Column_Square_01.prefab using Guid(bb86032d6423b5c4bbc8b0d98307e39d) Importer(815301076,1909f56bfc062723c751e8b465ee728b)  -> (artifact id: 'bb665884ff65506cfc8e3c7b98c81584') in 0.044613 seconds 
========================================================================
Received Import Request.
  Time since last request: 0.003231 seconds.
  path: Assets/Off Axis Studios/Polyworks/Prefabs/MaterialsOnly/Prototype/Blocks - Blue/Proto_Block_Platform_Square_02.prefab
  artifactKey: Guid(9caf389253284694fb73da6924bfcdef) Importer(815301076,1909f56bfc062723c751e8b465ee728b)
Start importing Assets/Off Axis Studios/Polyworks/Prefabs/MaterialsOnly/Prototype/Blocks - Blue/Proto_Block_Platform_Square_02.prefab using Guid(9caf389253284694fb73da6924bfcdef) Importer(815301076,1909f56bfc062723c751e8b465ee728b)  -> (artifact id: 'ea06a481a986bb58ac50a5b8dc81a369') in 0.012204 seconds 
========================================================================
Received Import Request.
  Time since last request: 0.000015 seconds.
  path: Assets/Off Axis Studios/Polyworks/Prefabs/MaterialsOnly/Prototype/Blocks - Blue/Proto_Block_Top_Point_Octagon_01.prefab
  artifactKey: Guid(5de68f48b0dc9f7499aa3e52e0f6146d) Importer(815301076,1909f56bfc062723c751e8b465ee728b)
Start importing Assets/Off Axis Studios/Polyworks/Prefabs/MaterialsOnly/Prototype/Blocks - Blue/Proto_Block_Top_Point_Octagon_01.prefab using Guid(5de68f48b0dc9f7499aa3e52e0f6146d) Importer(815301076,1909f56bfc062723c751e8b465ee728b)  -> (artifact id: 'a6f4ae4793032f01187d4cbe84e40af9') in 0.012689 seconds 
========================================================================
Received Import Request.
  Time since last request: 0.000014 seconds.
  path: Assets/Off Axis Studios/Polyworks/Prefabs/MaterialsOnly/Prototype/Blocks - Blue/Proto_Building_Block_Door_02.prefab
  artifactKey: Guid(54ae69eca87761744ac3fc22841b1e0b) Importer(815301076,1909f56bfc062723c751e8b465ee728b)
Start importing Assets/Off Axis Studios/Polyworks/Prefabs/MaterialsOnly/Prototype/Blocks - Blue/Proto_Building_Block_Door_02.prefab using Guid(54ae69eca87761744ac3fc22841b1e0b) Importer(815301076,1909f56bfc062723c751e8b465ee728b)  -> (artifact id: '92e6cc4229047cd2b930cdd77c362ce5') in 0.012566 seconds 
========================================================================
Received Import Request.
  Time since last request: 0.000019 seconds.
  path: Assets/Off Axis Studios/Polyworks/Prefabs/MaterialsOnly/Prototype/Blocks - Blue/Proto_Building_Block_Wall_Door_02.prefab
  artifactKey: Guid(6b4533219d65ad246ba7bfd2cd32088f) Importer(815301076,1909f56bfc062723c751e8b465ee728b)
Start importing Assets/Off Axis Studios/Polyworks/Prefabs/MaterialsOnly/Prototype/Blocks - Blue/Proto_Building_Block_Wall_Door_02.prefab using Guid(6b4533219d65ad246ba7bfd2cd32088f) Importer(815301076,1909f56bfc062723c751e8b465ee728b)  -> (artifact id: '1811636072c7f2a8d440df1d390726e2') in 0.015884 seconds 
========================================================================
Received Import Request.
  Time since last request: 0.000017 seconds.
  path: Assets/Off Axis Studios/Polyworks/Prefabs/MaterialsOnly/Prototype/Blocks - Blue/Proto_Block_Octagon_01.prefab
  artifactKey: Guid(c9e2bc53ba452cc4488df774037d600e) Importer(815301076,1909f56bfc062723c751e8b465ee728b)
Start importing Assets/Off Axis Studios/Polyworks/Prefabs/MaterialsOnly/Prototype/Blocks - Blue/Proto_Block_Octagon_01.prefab using Guid(c9e2bc53ba452cc4488df774037d600e) Importer(815301076,1909f56bfc062723c751e8b465ee728b)  -> (artifact id: '5a135945fc7eafca323019f2e58ff682') in 0.012519 seconds 
========================================================================
Received Import Request.
  Time since last request: 0.000027 seconds.
  path: Assets/Off Axis Studios/Polyworks/Prefabs/MaterialsOnly/Prototype/Blocks - Blue/Proto_Building_Block_Wall_Window_02.prefab
  artifactKey: Guid(f6989557adcc8e349834b78f780984ee) Importer(815301076,1909f56bfc062723c751e8b465ee728b)
Start importing Assets/Off Axis Studios/Polyworks/Prefabs/MaterialsOnly/Prototype/Blocks - Blue/Proto_Building_Block_Wall_Window_02.prefab using Guid(f6989557adcc8e349834b78f780984ee) Importer(815301076,1909f56bfc062723c751e8b465ee728b)  -> (artifact id: 'f42488d7cbdf0c0c28ee7227916ed371') in 0.018659 seconds 
========================================================================
Received Import Request.
  Time since last request: 0.702669 seconds.
  path: Assets/Off Axis Studios/Polyworks/Prefabs/MaterialsOnly/Prototype/Blocks - Green/Proto_Block_Column_Square_01.prefab
  artifactKey: Guid(b85ebf968b77e7e4ebf9dc4fc4b1b7b3) Importer(815301076,1909f56bfc062723c751e8b465ee728b)
Start importing Assets/Off Axis Studios/Polyworks/Prefabs/MaterialsOnly/Prototype/Blocks - Green/Proto_Block_Column_Square_01.prefab using Guid(b85ebf968b77e7e4ebf9dc4fc4b1b7b3) Importer(815301076,1909f56bfc062723c751e8b465ee728b)  -> (artifact id: 'dad28993eb1ad18eec156ea00234bcfd') in 0.017660 seconds 
========================================================================
Received Import Request.
  Time since last request: 0.000018 seconds.
  path: Assets/Off Axis Studios/Polyworks/Prefabs/MaterialsOnly/Prototype/Blocks - Green/Proto_Block_Octagon_01.prefab
  artifactKey: Guid(24ab338a3d2899647b35fd2a2897b151) Importer(815301076,1909f56bfc062723c751e8b465ee728b)
Start importing Assets/Off Axis Studios/Polyworks/Prefabs/MaterialsOnly/Prototype/Blocks - Green/Proto_Block_Octagon_01.prefab using Guid(24ab338a3d2899647b35fd2a2897b151) Importer(815301076,1909f56bfc062723c751e8b465ee728b)  -> (artifact id: '683d4977bf9506ecda31e6cd607e21cd') in 0.010375 seconds 
========================================================================
Received Import Request.
  Time since last request: 0.000019 seconds.
  path: Assets/Off Axis Studios/Polyworks/Prefabs/MaterialsOnly/Prototype/Blocks - Green/Proto_Block_Ramp_Triangular_02.prefab
  artifactKey: Guid(84d5bf6342184ba40b47a4dde36f90c6) Importer(815301076,1909f56bfc062723c751e8b465ee728b)
Start importing Assets/Off Axis Studios/Polyworks/Prefabs/MaterialsOnly/Prototype/Blocks - Green/Proto_Block_Ramp_Triangular_02.prefab using Guid(84d5bf6342184ba40b47a4dde36f90c6) Importer(815301076,1909f56bfc062723c751e8b465ee728b)  -> (artifact id: '0cbc70de1e66b2e3b2fba6d00e2e1259') in 0.009503 seconds 
========================================================================
Received Import Request.
  Time since last request: 0.000014 seconds.
  path: Assets/Off Axis Studios/Polyworks/Prefabs/MaterialsOnly/Prototype/Blocks - Green/Proto_Block_Tube_Round_01.prefab
  artifactKey: Guid(07f58cb18cafac541abd4fd2b553998f) Importer(815301076,1909f56bfc062723c751e8b465ee728b)
Start importing Assets/Off Axis Studios/Polyworks/Prefabs/MaterialsOnly/Prototype/Blocks - Green/Proto_Block_Tube_Round_01.prefab using Guid(07f58cb18cafac541abd4fd2b553998f) Importer(815301076,1909f56bfc062723c751e8b465ee728b)  -> (artifact id: 'e2360d9883a9b516ffb8cdebf276a2f1') in 0.009825 seconds 
========================================================================
Received Import Request.
  Time since last request: 0.000013 seconds.
  path: Assets/Off Axis Studios/Polyworks/Prefabs/MaterialsOnly/Prototype/Blocks - Green/Proto_Block_Sphere_Hedron_02.prefab
  artifactKey: Guid(6ec854aff9877df4185ea45915327736) Importer(815301076,1909f56bfc062723c751e8b465ee728b)
Start importing Assets/Off Axis Studios/Polyworks/Prefabs/MaterialsOnly/Prototype/Blocks - Green/Proto_Block_Sphere_Hedron_02.prefab using Guid(6ec854aff9877df4185ea45915327736) Importer(815301076,1909f56bfc062723c751e8b465ee728b)  -> (artifact id: '1150c09ff479af87e7ddc7670a66f12d') in 0.008469 seconds 
========================================================================
Received Import Request.
  Time since last request: 0.000017 seconds.
  path: Assets/Off Axis Studios/Polyworks/Prefabs/MaterialsOnly/Prototype/Blocks - Green/Proto_Block_Platform_Square_01.prefab
  artifactKey: Guid(056a18775c4cd8d4c91bb441b4b2c02e) Importer(815301076,1909f56bfc062723c751e8b465ee728b)
Start importing Assets/Off Axis Studios/Polyworks/Prefabs/MaterialsOnly/Prototype/Blocks - Green/Proto_Block_Platform_Square_01.prefab using Guid(056a18775c4cd8d4c91bb441b4b2c02e) Importer(815301076,1909f56bfc062723c751e8b465ee728b)  -> (artifact id: 'ec87ef40863ca7a07641cfab796a00b8') in 0.017597 seconds 
========================================================================
Received Import Request.
  Time since last request: 0.000017 seconds.
  path: Assets/Off Axis Studios/Polyworks/Prefabs/MaterialsOnly/Prototype/Blocks - Green/Proto_Building_Block_Door_02.prefab
  artifactKey: Guid(ea16541359a1ba64c8892d7045d5d76c) Importer(815301076,1909f56bfc062723c751e8b465ee728b)
Start importing Assets/Off Axis Studios/Polyworks/Prefabs/MaterialsOnly/Prototype/Blocks - Green/Proto_Building_Block_Door_02.prefab using Guid(ea16541359a1ba64c8892d7045d5d76c) Importer(815301076,1909f56bfc062723c751e8b465ee728b)  -> (artifact id: '997a3417ef9102e7d5f2ffb0a8b6f4e5') in 0.010356 seconds 
Editor requested this worker to shutdown with reason: Scaling down because of idle timeout
AssetImportWorker is now disconnected from the server
Process exiting
Exiting without the bug reporter. Application will terminate with return code 0