Using pre-set license
Built from '2021.3/china_unity/release' branch; Version is '2021.3.18f1c1 (93698379025b) revision 9660803'; Using compiler version '192829333'; Build Type 'Release'
OS: 'Windows 11  (10.0.22631) 64bit CoreCountrySpecific' Language: 'zh' Physical Memory: 16108 MB
BatchMode: 1, IsHumanControllingUs: 0, StartBugReporterOnCrash: 0, Is64bit: 1, IsPro: 1

COMMAND LINE ARGUMENTS:
C:\Program Files\Unity\Hub\Editor\2021.3.18f1c1\Editor\Unity.exe
-adb2
-batchMode
-noUpm
-name
AssetImportWorker2
-projectPath
E:/Group A3
-logFile
Logs/AssetImportWorker2.log
-srvPort
55276
Successfully changed project path to: E:/Group A3
E:/Group A3
[UnityMemory] Configuration Parameters - Can be set up in boot.config
    "memorysetup-bucket-allocator-granularity=16"
    "memorysetup-bucket-allocator-bucket-count=8"
    "memorysetup-bucket-allocator-block-size=33554432"
    "memorysetup-bucket-allocator-block-count=8"
    "memorysetup-main-allocator-block-size=16777216"
    "memorysetup-thread-allocator-block-size=16777216"
    "memorysetup-gfx-main-allocator-block-size=16777216"
    "memorysetup-gfx-thread-allocator-block-size=16777216"
    "memorysetup-cache-allocator-block-size=4194304"
    "memorysetup-typetree-allocator-block-size=2097152"
    "memorysetup-profiler-bucket-allocator-granularity=16"
    "memorysetup-profiler-bucket-allocator-bucket-count=8"
    "memorysetup-profiler-bucket-allocator-block-size=33554432"
    "memorysetup-profiler-bucket-allocator-block-count=8"
    "memorysetup-profiler-allocator-block-size=16777216"
    "memorysetup-profiler-editor-allocator-block-size=1048576"
    "memorysetup-temp-allocator-size-main=16777216"
    "memorysetup-job-temp-allocator-block-size=2097152"
    "memorysetup-job-temp-allocator-block-size-background=1048576"
    "memorysetup-job-temp-allocator-reduction-small-platforms=262144"
    "memorysetup-temp-allocator-size-background-worker=32768"
    "memorysetup-temp-allocator-size-job-worker=262144"
    "memorysetup-temp-allocator-size-preload-manager=33554432"
    "memorysetup-temp-allocator-size-nav-mesh-worker=65536"
    "memorysetup-temp-allocator-size-audio-worker=65536"
    "memorysetup-temp-allocator-size-cloud-worker=32768"
    "memorysetup-temp-allocator-size-gi-baking-worker=262144"
    "memorysetup-temp-allocator-size-gfx=262144"
Player connection [27188] Host "[IP] 192.168.5.22 [Port] 0 [Flags] 2 [Guid] 1539434609 [EditorId] 1539434609 [Version] 1048832 [Id] WindowsEditor(7,Van) [Debug] 1 [PackageName] WindowsEditor [ProjectName] Editor" joined multi-casting on [225.0.0.222:54997]...

Player connection [27188] Host "[IP] 192.168.5.22 [Port] 0 [Flags] 2 [Guid] 1539434609 [EditorId] 1539434609 [Version] 1048832 [Id] WindowsEditor(7,Van) [Debug] 1 [PackageName] WindowsEditor [ProjectName] Editor" joined alternative multi-casting on [225.0.0.222:34997]...

AS: AutoStreaming module initializing.
Refreshing native plugins compatible for Editor in 57.89 ms, found 3 plugins.
Preloading 0 native plugins for Editor in 0.00 ms.
Initialize engine version: 2021.3.18f1c1 (93698379025b)
[Subsystems] Discovering subsystems at path C:/Program Files/Unity/Hub/Editor/2021.3.18f1c1/Editor/Data/Resources/UnitySubsystems
[Subsystems] Discovering subsystems at path E:/Group A3/Assets
GfxDevice: creating device client; threaded=0; jobified=0
Direct3D:
    Version:  Direct3D 11.0 [level 11.1]
    Renderer: NVIDIA GeForce RTX 3070 Ti Laptop GPU (ID=0x24e0)
    Vendor:   NVIDIA
    VRAM:     8032 MB
    Driver:   31.0.15.4630
Initialize mono
Mono path[0] = 'C:/Program Files/Unity/Hub/Editor/2021.3.18f1c1/Editor/Data/Managed'
Mono path[1] = 'C:/Program Files/Unity/Hub/Editor/2021.3.18f1c1/Editor/Data/MonoBleedingEdge/lib/mono/unityjit-win32'
Mono config path = 'C:/Program Files/Unity/Hub/Editor/2021.3.18f1c1/Editor/Data/MonoBleedingEdge/etc'
Using monoOptions --debugger-agent=transport=dt_socket,embedding=1,server=y,suspend=n,address=127.0.0.1:56416
Begin MonoManager ReloadAssembly
Registering precompiled unity dll's ...
Register platform support module: C:/Program Files/Unity/Hub/Editor/2021.3.18f1c1/Editor/Data/PlaybackEngines/WebGLSupport/UnityEditor.WebGL.Extensions.dll
Register platform support module: C:/Program Files/Unity/Hub/Editor/2021.3.18f1c1/Editor/Data/PlaybackEngines/AndroidPlayer/UnityEditor.Android.Extensions.dll
Register platform support module: C:/Program Files/Unity/Hub/Editor/2021.3.18f1c1/Editor/Data/PlaybackEngines/iOSSupport/UnityEditor.iOS.Extensions.dll
Register platform support module: C:/Program Files/Unity/Hub/Editor/2021.3.18f1c1/Editor/Data/PlaybackEngines/WindowsStandaloneSupport/UnityEditor.WindowsStandalone.Extensions.dll
Register platform support module: C:/Program Files/Unity/Hub/Editor/2021.3.18f1c1/Editor/Data/PlaybackEngines/MetroSupport/UnityEditor.UWP.Extensions.dll
Registered in 0.031256 seconds.
Native extension for UWP target not found
Native extension for WindowsStandalone target not found
[usbmuxd] Start listen thread
[usbmuxd] Listen thread started
[usbmuxd] Send listen message
Native extension for iOS target not found
Native extension for Android target not found
Android Extension - Scanning For ADB Devices 303 ms
Native extension for WebGL target not found
Refreshing native plugins compatible for Editor in 55.45 ms, found 3 plugins.
Preloading 0 native plugins for Editor in 0.00 ms.
Mono: successfully reloaded assembly
- Completed reload, in  0.974 seconds
Domain Reload Profiling:
	ReloadAssembly (974ms)
		BeginReloadAssembly (115ms)
			ExecutionOrderSort (0ms)
			DisableScriptedObjects (0ms)
			BackupInstance (0ms)
			ReleaseScriptingObjects (0ms)
			CreateAndSetChildDomain (1ms)
		EndReloadAssembly (699ms)
			LoadAssemblies (102ms)
			RebuildTransferFunctionScriptingTraits (0ms)
			SetupTypeCache (88ms)
			ReleaseScriptCaches (0ms)
			RebuildScriptCaches (20ms)
			SetupLoadedEditorAssemblies (527ms)
				LogAssemblyErrors (0ms)
				InitializePlatformSupportModulesInManaged (379ms)
				SetLoadedEditorAssemblies (0ms)
				RefreshPlugins (56ms)
				BeforeProcessingInitializeOnLoad (1ms)
				ProcessInitializeOnLoadAttributes (61ms)
				ProcessInitializeOnLoadMethodAttributes (31ms)
				AfterProcessingInitializeOnLoad (0ms)
				EditorAssembliesLoaded (0ms)
			ExecutionOrderSort2 (0ms)
			AwakeInstancesAfterBackupRestoration (0ms)
Platform modules already initialized, skipping
Registering precompiled user dll's ...
Registered in 0.013207 seconds.
Begin MonoManager ReloadAssembly
Symbol file LoadedFromMemory doesn't match image E:\Group A3\Library\PackageCache\com.unity.visualscripting@1.8.0\Editor\VisualScripting.Core\Dependencies\YamlDotNet\Unity.VisualScripting.YamlDotNet.dll
Symbol file LoadedFromMemory doesn't match image E:\Group A3\Library\PackageCache\com.unity.visualscripting@1.8.0\Editor\VisualScripting.Core\Dependencies\DotNetZip\Unity.VisualScripting.IonicZip.dll
Native extension for UWP target not found
Native extension for WindowsStandalone target not found
Native extension for iOS target not found
Native extension for Android target not found
Native extension for WebGL target not found
Refreshing native plugins compatible for Editor in 0.50 ms, found 3 plugins.
Preloading 0 native plugins for Editor in 0.00 ms.
Mono: successfully reloaded assembly
- Completed reload, in  0.984 seconds
Domain Reload Profiling:
	ReloadAssembly (984ms)
		BeginReloadAssembly (162ms)
			ExecutionOrderSort (0ms)
			DisableScriptedObjects (4ms)
			BackupInstance (0ms)
			ReleaseScriptingObjects (0ms)
			CreateAndSetChildDomain (17ms)
		EndReloadAssembly (687ms)
			LoadAssemblies (140ms)
			RebuildTransferFunctionScriptingTraits (0ms)
			SetupTypeCache (188ms)
			ReleaseScriptCaches (0ms)
			RebuildScriptCaches (31ms)
			SetupLoadedEditorAssemblies (320ms)
				LogAssemblyErrors (0ms)
				InitializePlatformSupportModulesInManaged (39ms)
				SetLoadedEditorAssemblies (0ms)
				RefreshPlugins (1ms)
				BeforeProcessingInitializeOnLoad (86ms)
				ProcessInitializeOnLoadAttributes (141ms)
				ProcessInitializeOnLoadMethodAttributes (13ms)
				AfterProcessingInitializeOnLoad (40ms)
				EditorAssembliesLoaded (0ms)
			ExecutionOrderSort2 (0ms)
			AwakeInstancesAfterBackupRestoration (6ms)
Platform modules already initialized, skipping
========================================================================
Worker process is ready to serve import requests
Launched and connected shader compiler UnityShaderCompiler.exe after 0.04 seconds
Refreshing native plugins compatible for Editor in 0.41 ms, found 3 plugins.
Preloading 0 native plugins for Editor in 0.00 ms.
Unloading 3048 Unused Serialized files (Serialized files now loaded: 0)
Unloading 22 unused Assets / (56.1 KB). Loaded Objects now: 3513.
Memory consumption went from 116.8 MB to 116.8 MB.
Total: 2.256200 ms (FindLiveObjects: 0.169900 ms CreateObjectMapping: 0.072100 ms MarkObjects: 1.956900 ms  DeleteObjects: 0.056200 ms)

AssetImportParameters requested are different than current active one (requested -> active):
  custom:video-decoder-ogg-theora: a1e56fd34408186e4bbccfd4996cb3dc -> 
  custom:container-muxer-webm: aa71ff27fc2769a1b78a27578f13a17b -> 
  custom:container-demuxer-webm: 4f35f7cbe854078d1ac9338744f61a02 -> 
  custom:video-encoder-webm-vp8: eb34c28f22e8b96e1ab97ce403110664 -> 
  custom:video-codec-MediaFoundation-h265: 746d11721c4dcdbdad8f713fa42b33f4 -> 
  custom:audio-encoder-webm-vorbis: bf7c407c2cedff20999df2af8eb42d56 -> 
  custom:framework-win-MediaFoundation: 216162199b28c13a410421893ffa2e32 -> 
  custom:container-demuxer-ogg: 62fdf1f143b41e24485cea50d1cbac27 -> 
  custom:video-decoder-webm-vp8: 9c59270c3fd7afecdb556c50c9e8de78 -> 
  custom:audio-decoder-ogg-vorbis: bf7c407c2cedff20999df2af8eb42d56 -> 
========================================================================
Received Prepare
Registering precompiled user dll's ...
Registered in 0.017653 seconds.
Begin MonoManager ReloadAssembly
Symbol file LoadedFromMemory doesn't match image E:\Group A3\Library\PackageCache\com.unity.visualscripting@1.8.0\Editor\VisualScripting.Core\Dependencies\YamlDotNet\Unity.VisualScripting.YamlDotNet.dll
Symbol file LoadedFromMemory doesn't match image E:\Group A3\Library\PackageCache\com.unity.visualscripting@1.8.0\Editor\VisualScripting.Core\Dependencies\DotNetZip\Unity.VisualScripting.IonicZip.dll
Native extension for UWP target not found
Native extension for WindowsStandalone target not found
Native extension for iOS target not found
Native extension for Android target not found
Native extension for WebGL target not found
Refreshing native plugins compatible for Editor in 0.43 ms, found 3 plugins.
Preloading 0 native plugins for Editor in 0.00 ms.
Mono: successfully reloaded assembly
- Completed reload, in  0.955 seconds
Domain Reload Profiling:
	ReloadAssembly (956ms)
		BeginReloadAssembly (189ms)
			ExecutionOrderSort (0ms)
			DisableScriptedObjects (4ms)
			BackupInstance (0ms)
			ReleaseScriptingObjects (0ms)
			CreateAndSetChildDomain (28ms)
		EndReloadAssembly (639ms)
			LoadAssemblies (148ms)
			RebuildTransferFunctionScriptingTraits (0ms)
			SetupTypeCache (191ms)
			ReleaseScriptCaches (1ms)
			RebuildScriptCaches (23ms)
			SetupLoadedEditorAssemblies (267ms)
				LogAssemblyErrors (0ms)
				InitializePlatformSupportModulesInManaged (42ms)
				SetLoadedEditorAssemblies (0ms)
				RefreshPlugins (0ms)
				BeforeProcessingInitializeOnLoad (65ms)
				ProcessInitializeOnLoadAttributes (111ms)
				ProcessInitializeOnLoadMethodAttributes (11ms)
				AfterProcessingInitializeOnLoad (37ms)
				EditorAssembliesLoaded (0ms)
			ExecutionOrderSort2 (0ms)
			AwakeInstancesAfterBackupRestoration (7ms)
Platform modules already initialized, skipping
Refreshing native plugins compatible for Editor in 2.47 ms, found 3 plugins.
Preloading 0 native plugins for Editor in 0.00 ms.
Unloading 3042 Unused Serialized files (Serialized files now loaded: 0)
Unloading 15 unused Assets / (24.6 KB). Loaded Objects now: 3517.
Memory consumption went from 116.6 MB to 116.5 MB.
Total: 2.154100 ms (FindLiveObjects: 0.152400 ms CreateObjectMapping: 0.067700 ms MarkObjects: 1.919000 ms  DeleteObjects: 0.014200 ms)

AssetImportParameters requested are different than current active one (requested -> active):
  custom:video-decoder-ogg-theora: a1e56fd34408186e4bbccfd4996cb3dc -> 
  custom:container-muxer-webm: aa71ff27fc2769a1b78a27578f13a17b -> 
  custom:container-demuxer-webm: 4f35f7cbe854078d1ac9338744f61a02 -> 
  custom:video-encoder-webm-vp8: eb34c28f22e8b96e1ab97ce403110664 -> 
  custom:video-codec-MediaFoundation-h265: 746d11721c4dcdbdad8f713fa42b33f4 -> 
  custom:audio-encoder-webm-vorbis: bf7c407c2cedff20999df2af8eb42d56 -> 
  custom:framework-win-MediaFoundation: 216162199b28c13a410421893ffa2e32 -> 
  custom:container-demuxer-ogg: 62fdf1f143b41e24485cea50d1cbac27 -> 
  custom:video-decoder-webm-vp8: 9c59270c3fd7afecdb556c50c9e8de78 -> 
  custom:audio-decoder-ogg-vorbis: bf7c407c2cedff20999df2af8eb42d56 -> 
========================================================================
Received Import Request.
  Time since last request: 27181.748780 seconds.
  path: Assets/Cars
  artifactKey: Guid(e2ee31d710aacf3439b9f1fe4d729fdd) Importer(815301076,1909f56bfc062723c751e8b465ee728b)
Start importing Assets/Cars using Guid(e2ee31d710aacf3439b9f1fe4d729fdd) Importer(815301076,1909f56bfc062723c751e8b465ee728b)  -> (artifact id: '5b8fdfed61d595443154ebbf244c4b61') in 0.005978 seconds 
========================================================================
Received Import Request.
  Time since last request: 254.180200 seconds.
  path: Assets/Cars/Models
  artifactKey: Guid(62d4433e788131e4f8eeeb39c69a9382) Importer(815301076,1909f56bfc062723c751e8b465ee728b)
Start importing Assets/Cars/Models using Guid(62d4433e788131e4f8eeeb39c69a9382) Importer(815301076,1909f56bfc062723c751e8b465ee728b)  -> (artifact id: '9ca01a776a782ade94a3a3be596e4c3c') in 0.002143 seconds 
========================================================================
Received Import Request.
  Time since last request: 0.050956 seconds.
  path: Assets/Cars/Models/Bug.fbx
  artifactKey: Guid(39faa44a467bb9b4285016d217293512) Importer(815301076,1909f56bfc062723c751e8b465ee728b)
Start importing Assets/Cars/Models/Bug.fbx using Guid(39faa44a467bb9b4285016d217293512) Importer(815301076,1909f56bfc062723c751e8b465ee728b)  -> (artifact id: 'cd12ba5c245fa0a297bee482f4f549b6') in 0.261654 seconds 
========================================================================
Received Import Request.
  Time since last request: 0.000018 seconds.
  path: Assets/Cars/Models/StationWagon.fbx
  artifactKey: Guid(fcfa9bd4ab108ec4583d3022c9821572) Importer(815301076,1909f56bfc062723c751e8b465ee728b)
Start importing Assets/Cars/Models/StationWagon.fbx using Guid(fcfa9bd4ab108ec4583d3022c9821572) Importer(815301076,1909f56bfc062723c751e8b465ee728b)  -> (artifact id: '85c3f29e98d26dff14714a246fe5e4fc') in 0.042079 seconds 
========================================================================
Received Import Request.
  Time since last request: 0.000023 seconds.
  path: Assets/Cars/Models/HatchBack.fbx
  artifactKey: Guid(9e5134142b4263d49bc1c74ba65036fc) Importer(815301076,1909f56bfc062723c751e8b465ee728b)
Start importing Assets/Cars/Models/HatchBack.fbx using Guid(9e5134142b4263d49bc1c74ba65036fc) Importer(815301076,1909f56bfc062723c751e8b465ee728b)  -> (artifact id: '03fe3eb5d16057929242987b7ed272fb') in 0.060790 seconds 
========================================================================
Received Import Request.
  Time since last request: 0.000016 seconds.
  path: Assets/Cars/Models/MultipleSpeeder.fbx
  artifactKey: Guid(2ddfca5451f1bd94ca0d048a7e0978f3) Importer(815301076,1909f56bfc062723c751e8b465ee728b)
Start importing Assets/Cars/Models/MultipleSpeeder.fbx using Guid(2ddfca5451f1bd94ca0d048a7e0978f3) Importer(815301076,1909f56bfc062723c751e8b465ee728b)  -> (artifact id: 'f02117a8a44daf6ce3007d5a5bd7778d') in 0.056838 seconds 
========================================================================
Received Import Request.
  Time since last request: 0.000017 seconds.
  path: Assets/Cars/Models/MultipleHatchBack.fbx
  artifactKey: Guid(771edf125098adb4ca0b534bf7f9e17c) Importer(815301076,1909f56bfc062723c751e8b465ee728b)
Start importing Assets/Cars/Models/MultipleHatchBack.fbx using Guid(771edf125098adb4ca0b534bf7f9e17c) Importer(815301076,1909f56bfc062723c751e8b465ee728b)  -> (artifact id: '9e45f06d9dea1ee21e36d40269eb971f') in 0.059200 seconds 
========================================================================
Received Import Request.
  Time since last request: 0.000019 seconds.
  path: Assets/Cars/Models/SpeederCop.fbx
  artifactKey: Guid(8bb89fcb0447e9140a45b1cdd13264be) Importer(815301076,1909f56bfc062723c751e8b465ee728b)
Start importing Assets/Cars/Models/SpeederCop.fbx using Guid(8bb89fcb0447e9140a45b1cdd13264be) Importer(815301076,1909f56bfc062723c751e8b465ee728b)  -> (artifact id: 'daab414c9dc300a34a98b7819cfd869c') in 0.088450 seconds 
========================================================================
Received Import Request.
  Time since last request: 0.000031 seconds.
  path: Assets/Cars/Models/MultipleStationWagon.fbx
  artifactKey: Guid(8fb84882107174b45bd8480143b96340) Importer(815301076,1909f56bfc062723c751e8b465ee728b)
Start importing Assets/Cars/Models/MultipleStationWagon.fbx using Guid(8fb84882107174b45bd8480143b96340) Importer(815301076,1909f56bfc062723c751e8b465ee728b)  -> (artifact id: '541c08dc617c35606b8d24e1c61bd799') in 0.037300 seconds 
========================================================================
Received Import Request.
  Time since last request: 0.000025 seconds.
  path: Assets/Cars/Models/MultipleSedan.fbx
  artifactKey: Guid(d315ecb97856d8d448726b19dc04c13e) Importer(815301076,1909f56bfc062723c751e8b465ee728b)
Start importing Assets/Cars/Models/MultipleSedan.fbx using Guid(d315ecb97856d8d448726b19dc04c13e) Importer(815301076,1909f56bfc062723c751e8b465ee728b)  -> (artifact id: 'f2803e1ad14c15d064919de6cbdb8b54') in 0.027597 seconds 
========================================================================
Received Import Request.
  Time since last request: 0.000016 seconds.
  path: Assets/Cars/Models/MultipleBug.fbx
  artifactKey: Guid(5ddbceb712735b045b53e38093af70a2) Importer(815301076,1909f56bfc062723c751e8b465ee728b)
Start importing Assets/Cars/Models/MultipleBug.fbx using Guid(5ddbceb712735b045b53e38093af70a2) Importer(815301076,1909f56bfc062723c751e8b465ee728b)  -> (artifact id: 'b63cee3d6af3008ce3f2b1c9f8a01a7a') in 0.029009 seconds 
========================================================================
Received Import Request.
  Time since last request: 0.000020 seconds.
  path: Assets/Cars/Models/Truck.fbx
  artifactKey: Guid(afd8300bf0b87044780895ea2ee45454) Importer(815301076,1909f56bfc062723c751e8b465ee728b)
Start importing Assets/Cars/Models/Truck.fbx using Guid(afd8300bf0b87044780895ea2ee45454) Importer(815301076,1909f56bfc062723c751e8b465ee728b)  -> (artifact id: '284a8974e2591bef0747c9770dffd570') in 0.022916 seconds 
========================================================================
Received Import Request.
  Time since last request: 0.000022 seconds.
  path: Assets/Cars/Models/Van.fbx
  artifactKey: Guid(8ef7dfe001c8e6b418e5a638b1b5e38e) Importer(815301076,1909f56bfc062723c751e8b465ee728b)
Start importing Assets/Cars/Models/Van.fbx using Guid(8ef7dfe001c8e6b418e5a638b1b5e38e) Importer(815301076,1909f56bfc062723c751e8b465ee728b)  -> (artifact id: '548398693c6f7f7f774c33cafeba0efb') in 0.030179 seconds 
========================================================================
Received Import Request.
  Time since last request: 0.000018 seconds.
  path: Assets/Cars/Models/Sedan.fbx
  artifactKey: Guid(ba876b9bff0fb614e88dfc8baf8ff09f) Importer(815301076,1909f56bfc062723c751e8b465ee728b)
Start importing Assets/Cars/Models/Sedan.fbx using Guid(ba876b9bff0fb614e88dfc8baf8ff09f) Importer(815301076,1909f56bfc062723c751e8b465ee728b)  -> (artifact id: '2b2947343f56767f57b8f1d1332464fa') in 0.024739 seconds 
========================================================================
Received Import Request.
  Time since last request: 0.000018 seconds.
  path: Assets/Cars/Models/MultiplePickUp.fbx
  artifactKey: Guid(2ed22cd21d7275a45ab6d45b21d16887) Importer(815301076,1909f56bfc062723c751e8b465ee728b)
Start importing Assets/Cars/Models/MultiplePickUp.fbx using Guid(2ed22cd21d7275a45ab6d45b21d16887) Importer(815301076,1909f56bfc062723c751e8b465ee728b)  -> (artifact id: '61a75d5bc13eec58eebbd2daa969c0fa') in 0.034597 seconds 
========================================================================
Received Import Request.
  Time since last request: 0.000017 seconds.
  path: Assets/Cars/Models/MultipleMiniVan.fbx
  artifactKey: Guid(9047c0500fe469943a4993ee02ac692b) Importer(815301076,1909f56bfc062723c751e8b465ee728b)
Start importing Assets/Cars/Models/MultipleMiniVan.fbx using Guid(9047c0500fe469943a4993ee02ac692b) Importer(815301076,1909f56bfc062723c751e8b465ee728b)  -> (artifact id: '5eb2745386c071d14b1d12b54ddd5aaf') in 0.028145 seconds 
Editor requested this worker to shutdown with reason: Scaling down because of idle timeout
AssetImportWorker is now disconnected from the server
Process exiting
Exiting without the bug reporter. Application will terminate with return code 0