Using pre-set license
Built from '2021.3/china_unity/release' branch; Version is '2021.3.18f1c1 (93698379025b) revision 9660803'; Using compiler version '192829333'; Build Type 'Release'
OS: 'Windows 11  (10.0.22631) 64bit CoreCountrySpecific' Language: 'zh' Physical Memory: 16108 MB
BatchMode: 1, IsHumanControllingUs: 0, StartBugReporterOnCrash: 0, Is64bit: 1, IsPro: 1

COMMAND LINE ARGUMENTS:
C:\Program Files\Unity\Hub\Editor\2021.3.18f1c1\Editor\Unity.exe
-adb2
-batchMode
-noUpm
-name
AssetImportWorker3
-projectPath
E:/Group A3
-logFile
Logs/AssetImportWorker3.log
-srvPort
55276
Successfully changed project path to: E:/Group A3
E:/Group A3
[UnityMemory] Configuration Parameters - Can be set up in boot.config
    "memorysetup-bucket-allocator-granularity=16"
    "memorysetup-bucket-allocator-bucket-count=8"
    "memorysetup-bucket-allocator-block-size=33554432"
    "memorysetup-bucket-allocator-block-count=8"
    "memorysetup-main-allocator-block-size=16777216"
    "memorysetup-thread-allocator-block-size=16777216"
    "memorysetup-gfx-main-allocator-block-size=16777216"
    "memorysetup-gfx-thread-allocator-block-size=16777216"
    "memorysetup-cache-allocator-block-size=4194304"
    "memorysetup-typetree-allocator-block-size=2097152"
    "memorysetup-profiler-bucket-allocator-granularity=16"
    "memorysetup-profiler-bucket-allocator-bucket-count=8"
    "memorysetup-profiler-bucket-allocator-block-size=33554432"
    "memorysetup-profiler-bucket-allocator-block-count=8"
    "memorysetup-profiler-allocator-block-size=16777216"
    "memorysetup-profiler-editor-allocator-block-size=1048576"
    "memorysetup-temp-allocator-size-main=16777216"
    "memorysetup-job-temp-allocator-block-size=2097152"
    "memorysetup-job-temp-allocator-block-size-background=1048576"
    "memorysetup-job-temp-allocator-reduction-small-platforms=262144"
    "memorysetup-temp-allocator-size-background-worker=32768"
    "memorysetup-temp-allocator-size-job-worker=262144"
    "memorysetup-temp-allocator-size-preload-manager=33554432"
    "memorysetup-temp-allocator-size-nav-mesh-worker=65536"
    "memorysetup-temp-allocator-size-audio-worker=65536"
    "memorysetup-temp-allocator-size-cloud-worker=32768"
    "memorysetup-temp-allocator-size-gi-baking-worker=262144"
    "memorysetup-temp-allocator-size-gfx=262144"
Player connection [13220] Host "[IP] 192.168.5.22 [Port] 0 [Flags] 2 [Guid] 1282548091 [EditorId] 1282548091 [Version] 1048832 [Id] WindowsEditor(7,Van) [Debug] 1 [PackageName] WindowsEditor [ProjectName] Editor" joined multi-casting on [225.0.0.222:54997]...

Player connection [13220] Host "[IP] 192.168.5.22 [Port] 0 [Flags] 2 [Guid] 1282548091 [EditorId] 1282548091 [Version] 1048832 [Id] WindowsEditor(7,Van) [Debug] 1 [PackageName] WindowsEditor [ProjectName] Editor" joined alternative multi-casting on [225.0.0.222:34997]...

AS: AutoStreaming module initializing.
Refreshing native plugins compatible for Editor in 59.36 ms, found 3 plugins.
Preloading 0 native plugins for Editor in 0.00 ms.
Initialize engine version: 2021.3.18f1c1 (93698379025b)
[Subsystems] Discovering subsystems at path C:/Program Files/Unity/Hub/Editor/2021.3.18f1c1/Editor/Data/Resources/UnitySubsystems
[Subsystems] Discovering subsystems at path E:/Group A3/Assets
GfxDevice: creating device client; threaded=0; jobified=0
Direct3D:
    Version:  Direct3D 11.0 [level 11.1]
    Renderer: NVIDIA GeForce RTX 3070 Ti Laptop GPU (ID=0x24e0)
    Vendor:   NVIDIA
    VRAM:     8032 MB
    Driver:   31.0.15.4630
Initialize mono
Mono path[0] = 'C:/Program Files/Unity/Hub/Editor/2021.3.18f1c1/Editor/Data/Managed'
Mono path[1] = 'C:/Program Files/Unity/Hub/Editor/2021.3.18f1c1/Editor/Data/MonoBleedingEdge/lib/mono/unityjit-win32'
Mono config path = 'C:/Program Files/Unity/Hub/Editor/2021.3.18f1c1/Editor/Data/MonoBleedingEdge/etc'
Using monoOptions --debugger-agent=transport=dt_socket,embedding=1,server=y,suspend=n,address=127.0.0.1:56516
Begin MonoManager ReloadAssembly
Registering precompiled unity dll's ...
Register platform support module: C:/Program Files/Unity/Hub/Editor/2021.3.18f1c1/Editor/Data/PlaybackEngines/WebGLSupport/UnityEditor.WebGL.Extensions.dll
Register platform support module: C:/Program Files/Unity/Hub/Editor/2021.3.18f1c1/Editor/Data/PlaybackEngines/AndroidPlayer/UnityEditor.Android.Extensions.dll
Register platform support module: C:/Program Files/Unity/Hub/Editor/2021.3.18f1c1/Editor/Data/PlaybackEngines/iOSSupport/UnityEditor.iOS.Extensions.dll
Register platform support module: C:/Program Files/Unity/Hub/Editor/2021.3.18f1c1/Editor/Data/PlaybackEngines/WindowsStandaloneSupport/UnityEditor.WindowsStandalone.Extensions.dll
Register platform support module: C:/Program Files/Unity/Hub/Editor/2021.3.18f1c1/Editor/Data/PlaybackEngines/MetroSupport/UnityEditor.UWP.Extensions.dll
Registered in 0.034792 seconds.
Native extension for UWP target not found
Native extension for WindowsStandalone target not found
[usbmuxd] Start listen thread
[usbmuxd] Listen thread started
[usbmuxd] Send listen message
Native extension for iOS target not found
Native extension for Android target not found
Android Extension - Scanning For ADB Devices 288 ms
Native extension for WebGL target not found
Refreshing native plugins compatible for Editor in 54.11 ms, found 3 plugins.
Preloading 0 native plugins for Editor in 0.00 ms.
Mono: successfully reloaded assembly
- Completed reload, in  0.945 seconds
Domain Reload Profiling:
	ReloadAssembly (946ms)
		BeginReloadAssembly (106ms)
			ExecutionOrderSort (0ms)
			DisableScriptedObjects (0ms)
			BackupInstance (0ms)
			ReleaseScriptingObjects (0ms)
			CreateAndSetChildDomain (1ms)
		EndReloadAssembly (687ms)
			LoadAssemblies (98ms)
			RebuildTransferFunctionScriptingTraits (0ms)
			SetupTypeCache (88ms)
			ReleaseScriptCaches (0ms)
			RebuildScriptCaches (20ms)
			SetupLoadedEditorAssemblies (520ms)
				LogAssemblyErrors (0ms)
				InitializePlatformSupportModulesInManaged (370ms)
				SetLoadedEditorAssemblies (0ms)
				RefreshPlugins (54ms)
				BeforeProcessingInitializeOnLoad (1ms)
				ProcessInitializeOnLoadAttributes (63ms)
				ProcessInitializeOnLoadMethodAttributes (33ms)
				AfterProcessingInitializeOnLoad (0ms)
				EditorAssembliesLoaded (0ms)
			ExecutionOrderSort2 (0ms)
			AwakeInstancesAfterBackupRestoration (0ms)
Platform modules already initialized, skipping
Registering precompiled user dll's ...
Registered in 0.015959 seconds.
Begin MonoManager ReloadAssembly
Symbol file LoadedFromMemory doesn't match image E:\Group A3\Library\PackageCache\com.unity.visualscripting@1.8.0\Editor\VisualScripting.Core\Dependencies\YamlDotNet\Unity.VisualScripting.YamlDotNet.dll
Symbol file LoadedFromMemory doesn't match image E:\Group A3\Library\PackageCache\com.unity.visualscripting@1.8.0\Editor\VisualScripting.Core\Dependencies\DotNetZip\Unity.VisualScripting.IonicZip.dll
Native extension for UWP target not found
Native extension for WindowsStandalone target not found
Native extension for iOS target not found
Native extension for Android target not found
Native extension for WebGL target not found
Refreshing native plugins compatible for Editor in 0.48 ms, found 3 plugins.
Preloading 0 native plugins for Editor in 0.00 ms.
Mono: successfully reloaded assembly
- Completed reload, in  0.940 seconds
Domain Reload Profiling:
	ReloadAssembly (940ms)
		BeginReloadAssembly (138ms)
			ExecutionOrderSort (0ms)
			DisableScriptedObjects (5ms)
			BackupInstance (0ms)
			ReleaseScriptingObjects (0ms)
			CreateAndSetChildDomain (16ms)
		EndReloadAssembly (657ms)
			LoadAssemblies (121ms)
			RebuildTransferFunctionScriptingTraits (0ms)
			SetupTypeCache (188ms)
			ReleaseScriptCaches (0ms)
			RebuildScriptCaches (32ms)
			SetupLoadedEditorAssemblies (301ms)
				LogAssemblyErrors (0ms)
				InitializePlatformSupportModulesInManaged (43ms)
				SetLoadedEditorAssemblies (0ms)
				RefreshPlugins (1ms)
				BeforeProcessingInitializeOnLoad (72ms)
				ProcessInitializeOnLoadAttributes (143ms)
				ProcessInitializeOnLoadMethodAttributes (13ms)
				AfterProcessingInitializeOnLoad (29ms)
				EditorAssembliesLoaded (0ms)
			ExecutionOrderSort2 (0ms)
			AwakeInstancesAfterBackupRestoration (6ms)
Platform modules already initialized, skipping
========================================================================
Worker process is ready to serve import requests
Launched and connected shader compiler UnityShaderCompiler.exe after 0.04 seconds
Refreshing native plugins compatible for Editor in 0.43 ms, found 3 plugins.
Preloading 0 native plugins for Editor in 0.00 ms.
Unloading 3048 Unused Serialized files (Serialized files now loaded: 0)
Unloading 22 unused Assets / (56.1 KB). Loaded Objects now: 3513.
Memory consumption went from 116.8 MB to 116.8 MB.
Total: 2.302100 ms (FindLiveObjects: 0.157200 ms CreateObjectMapping: 0.070400 ms MarkObjects: 2.022300 ms  DeleteObjects: 0.051400 ms)

AssetImportParameters requested are different than current active one (requested -> active):
  custom:video-decoder-ogg-theora: a1e56fd34408186e4bbccfd4996cb3dc -> 
  custom:container-muxer-webm: aa71ff27fc2769a1b78a27578f13a17b -> 
  custom:container-demuxer-webm: 4f35f7cbe854078d1ac9338744f61a02 -> 
  custom:video-encoder-webm-vp8: eb34c28f22e8b96e1ab97ce403110664 -> 
  custom:video-codec-MediaFoundation-h265: 746d11721c4dcdbdad8f713fa42b33f4 -> 
  custom:audio-encoder-webm-vorbis: bf7c407c2cedff20999df2af8eb42d56 -> 
  custom:framework-win-MediaFoundation: 216162199b28c13a410421893ffa2e32 -> 
  custom:container-demuxer-ogg: 62fdf1f143b41e24485cea50d1cbac27 -> 
  custom:video-decoder-webm-vp8: 9c59270c3fd7afecdb556c50c9e8de78 -> 
  custom:audio-decoder-ogg-vorbis: bf7c407c2cedff20999df2af8eb42d56 -> 
========================================================================
Received Prepare
Registering precompiled user dll's ...
Registered in 0.016866 seconds.
Begin MonoManager ReloadAssembly
Symbol file LoadedFromMemory doesn't match image E:\Group A3\Library\PackageCache\com.unity.visualscripting@1.8.0\Editor\VisualScripting.Core\Dependencies\YamlDotNet\Unity.VisualScripting.YamlDotNet.dll
Symbol file LoadedFromMemory doesn't match image E:\Group A3\Library\PackageCache\com.unity.visualscripting@1.8.0\Editor\VisualScripting.Core\Dependencies\DotNetZip\Unity.VisualScripting.IonicZip.dll
Native extension for UWP target not found
Native extension for WindowsStandalone target not found
Native extension for iOS target not found
Native extension for Android target not found
Native extension for WebGL target not found
Refreshing native plugins compatible for Editor in 0.41 ms, found 3 plugins.
Preloading 0 native plugins for Editor in 0.00 ms.
Mono: successfully reloaded assembly
- Completed reload, in  0.955 seconds
Domain Reload Profiling:
	ReloadAssembly (955ms)
		BeginReloadAssembly (189ms)
			ExecutionOrderSort (0ms)
			DisableScriptedObjects (4ms)
			BackupInstance (0ms)
			ReleaseScriptingObjects (0ms)
			CreateAndSetChildDomain (28ms)
		EndReloadAssembly (639ms)
			LoadAssemblies (150ms)
			RebuildTransferFunctionScriptingTraits (0ms)
			SetupTypeCache (192ms)
			ReleaseScriptCaches (1ms)
			RebuildScriptCaches (24ms)
			SetupLoadedEditorAssemblies (266ms)
				LogAssemblyErrors (0ms)
				InitializePlatformSupportModulesInManaged (41ms)
				SetLoadedEditorAssemblies (0ms)
				RefreshPlugins (0ms)
				BeforeProcessingInitializeOnLoad (64ms)
				ProcessInitializeOnLoadAttributes (111ms)
				ProcessInitializeOnLoadMethodAttributes (11ms)
				AfterProcessingInitializeOnLoad (37ms)
				EditorAssembliesLoaded (0ms)
			ExecutionOrderSort2 (0ms)
			AwakeInstancesAfterBackupRestoration (6ms)
Platform modules already initialized, skipping
Refreshing native plugins compatible for Editor in 2.89 ms, found 3 plugins.
Preloading 0 native plugins for Editor in 0.00 ms.
Unloading 3042 Unused Serialized files (Serialized files now loaded: 0)
Unloading 15 unused Assets / (24.7 KB). Loaded Objects now: 3517.
Memory consumption went from 116.6 MB to 116.5 MB.
Total: 2.269200 ms (FindLiveObjects: 0.156600 ms CreateObjectMapping: 0.072700 ms MarkObjects: 2.024600 ms  DeleteObjects: 0.014600 ms)

AssetImportParameters requested are different than current active one (requested -> active):
  custom:video-decoder-ogg-theora: a1e56fd34408186e4bbccfd4996cb3dc -> 
  custom:container-muxer-webm: aa71ff27fc2769a1b78a27578f13a17b -> 
  custom:container-demuxer-webm: 4f35f7cbe854078d1ac9338744f61a02 -> 
  custom:video-encoder-webm-vp8: eb34c28f22e8b96e1ab97ce403110664 -> 
  custom:video-codec-MediaFoundation-h265: 746d11721c4dcdbdad8f713fa42b33f4 -> 
  custom:audio-encoder-webm-vorbis: bf7c407c2cedff20999df2af8eb42d56 -> 
  custom:framework-win-MediaFoundation: 216162199b28c13a410421893ffa2e32 -> 
  custom:container-demuxer-ogg: 62fdf1f143b41e24485cea50d1cbac27 -> 
  custom:video-decoder-webm-vp8: 9c59270c3fd7afecdb556c50c9e8de78 -> 
  custom:audio-decoder-ogg-vorbis: bf7c407c2cedff20999df2af8eb42d56 -> 
========================================================================
Received Import Request.
  Time since last request: 27435.995290 seconds.
  path: Assets/Cars/Models/Cabriolet.fbx
  artifactKey: Guid(af03f10e9cd02c24898f8c2a22a50d65) Importer(815301076,1909f56bfc062723c751e8b465ee728b)
Start importing Assets/Cars/Models/Cabriolet.fbx using Guid(af03f10e9cd02c24898f8c2a22a50d65) Importer(815301076,1909f56bfc062723c751e8b465ee728b)  -> (artifact id: '772351f86e388f4dfea370f31c6e233a') in 0.302841 seconds 
========================================================================
Received Import Request.
  Time since last request: 0.000025 seconds.
  path: Assets/Cars/Models/PoliceSedan.fbx
  artifactKey: Guid(9211f6db6b3130a4ba9619d874fa911d) Importer(815301076,1909f56bfc062723c751e8b465ee728b)
Start importing Assets/Cars/Models/PoliceSedan.fbx using Guid(9211f6db6b3130a4ba9619d874fa911d) Importer(815301076,1909f56bfc062723c751e8b465ee728b)  -> (artifact id: 'd910fc2b6a7d3066d883fb067766a4f7') in 0.066855 seconds 
========================================================================
Received Import Request.
  Time since last request: 0.000027 seconds.
  path: Assets/Cars/Models/MultipleCabriolet.fbx
  artifactKey: Guid(e7eb68fbdfc26c446bee73c91494bfb4) Importer(815301076,1909f56bfc062723c751e8b465ee728b)
Start importing Assets/Cars/Models/MultipleCabriolet.fbx using Guid(e7eb68fbdfc26c446bee73c91494bfb4) Importer(815301076,1909f56bfc062723c751e8b465ee728b)  -> (artifact id: '9ef29bc2c4927cee224397944744488d') in 0.066708 seconds 
========================================================================
Received Import Request.
  Time since last request: 0.000019 seconds.
  path: Assets/Cars/Models/MultipleCabrioletSmooth.fbx
  artifactKey: Guid(cae89f28d67f3504f939b1283ba7a05b) Importer(815301076,1909f56bfc062723c751e8b465ee728b)
Start importing Assets/Cars/Models/MultipleCabrioletSmooth.fbx using Guid(cae89f28d67f3504f939b1283ba7a05b) Importer(815301076,1909f56bfc062723c751e8b465ee728b)  -> (artifact id: '354d03e893e6bf8e14c6c574149efab1') in 0.062306 seconds 
========================================================================
Received Import Request.
  Time since last request: 0.000018 seconds.
  path: Assets/Cars/Models/Speeder.fbx
  artifactKey: Guid(15c13eb7ef9bcaf43bbf94a245b7690d) Importer(815301076,1909f56bfc062723c751e8b465ee728b)
Start importing Assets/Cars/Models/Speeder.fbx using Guid(15c13eb7ef9bcaf43bbf94a245b7690d) Importer(815301076,1909f56bfc062723c751e8b465ee728b)  -> (artifact id: 'be826d2057c84bb9f443bebe1b35bd97') in 0.047036 seconds 
========================================================================
Received Import Request.
  Time since last request: 0.000019 seconds.
  path: Assets/Cars/Models/PickUp.fbx
  artifactKey: Guid(c8e1a882b9eb03c4ba815ab300b583a1) Importer(815301076,1909f56bfc062723c751e8b465ee728b)
Start importing Assets/Cars/Models/PickUp.fbx using Guid(c8e1a882b9eb03c4ba815ab300b583a1) Importer(815301076,1909f56bfc062723c751e8b465ee728b)  -> (artifact id: '16b84e97db2d71385c67e7ea73b20b41') in 0.048610 seconds 
========================================================================
Received Import Request.
  Time since last request: 0.000021 seconds.
  path: Assets/Cars/Models/MiniVan.fbx
  artifactKey: Guid(519947756e4a60343aa5363d6c2e7b55) Importer(815301076,1909f56bfc062723c751e8b465ee728b)
Start importing Assets/Cars/Models/MiniVan.fbx using Guid(519947756e4a60343aa5363d6c2e7b55) Importer(815301076,1909f56bfc062723c751e8b465ee728b)  -> (artifact id: 'bd5013dfeb12b884123c1de12a8b31b6') in 0.023044 seconds 
========================================================================
Received Import Request.
  Time since last request: 0.000025 seconds.
  path: Assets/Cars/Models/CabrioletSmooth.fbx
  artifactKey: Guid(b39c2dbe08109084abe48b46e94ca79d) Importer(815301076,1909f56bfc062723c751e8b465ee728b)
Start importing Assets/Cars/Models/CabrioletSmooth.fbx using Guid(b39c2dbe08109084abe48b46e94ca79d) Importer(815301076,1909f56bfc062723c751e8b465ee728b)  -> (artifact id: '4eec2af63e109b8465f2487fa8f93afa') in 0.031469 seconds 
========================================================================
Received Import Request.
  Time since last request: 0.000016 seconds.
  path: Assets/Cars/Models/Wheels.fbx
  artifactKey: Guid(e73bbd46716752f48815c8bf7e0c90fb) Importer(815301076,1909f56bfc062723c751e8b465ee728b)
Start importing Assets/Cars/Models/Wheels.fbx using Guid(e73bbd46716752f48815c8bf7e0c90fb) Importer(815301076,1909f56bfc062723c751e8b465ee728b)  -> (artifact id: '6f3a6807f82b644811e8c95184223329') in 0.027110 seconds 
========================================================================
Received Import Request.
  Time since last request: 0.000016 seconds.
  path: Assets/Cars/Models/MultipleTruck.fbx
  artifactKey: Guid(6531802709ebebc4e84885f614c2cda6) Importer(815301076,1909f56bfc062723c751e8b465ee728b)
Start importing Assets/Cars/Models/MultipleTruck.fbx using Guid(6531802709ebebc4e84885f614c2cda6) Importer(815301076,1909f56bfc062723c751e8b465ee728b)  -> (artifact id: '15ab22e929b438b44cf2cd15767394d4') in 0.038602 seconds 
========================================================================
Received Import Request.
  Time since last request: 0.000019 seconds.
  path: Assets/Cars/Models/MultipleSpaceWagon.fbx
  artifactKey: Guid(af3eaeea884e7e349aa8b3937127a606) Importer(815301076,1909f56bfc062723c751e8b465ee728b)
Start importing Assets/Cars/Models/MultipleSpaceWagon.fbx using Guid(af3eaeea884e7e349aa8b3937127a606) Importer(815301076,1909f56bfc062723c751e8b465ee728b)  -> (artifact id: 'fd977616e302ab3148dcc3e82c680e6b') in 0.030440 seconds 
========================================================================
Received Import Request.
  Time since last request: 0.000019 seconds.
  path: Assets/Cars/Models/MultipleVan.fbx
  artifactKey: Guid(99c4477c616ecfd47b6047eb8873f677) Importer(815301076,1909f56bfc062723c751e8b465ee728b)
Start importing Assets/Cars/Models/MultipleVan.fbx using Guid(99c4477c616ecfd47b6047eb8873f677) Importer(815301076,1909f56bfc062723c751e8b465ee728b)  -> (artifact id: '0f94433a9ec462c63c388aad7e8de113') in 0.041489 seconds 
========================================================================
Received Import Request.
  Time since last request: 0.000018 seconds.
  path: Assets/Cars/Models/SpaceWagon.fbx
  artifactKey: Guid(249aedcdda0092b429440c7414a7028b) Importer(815301076,1909f56bfc062723c751e8b465ee728b)
Start importing Assets/Cars/Models/SpaceWagon.fbx using Guid(249aedcdda0092b429440c7414a7028b) Importer(815301076,1909f56bfc062723c751e8b465ee728b)  -> (artifact id: '21fb9a143300d0f545a496d559603a9a') in 0.025442 seconds 
Editor requested this worker to shutdown with reason: Scaling down because of idle timeout
AssetImportWorker is now disconnected from the server
Process exiting
Exiting without the bug reporter. Application will terminate with return code 0